TN:
SF:src\App.jsx
FN:23,App
FNF:1
FNH:1
FNDA:2,App
DA:1,1
DA:2,1
DA:3,1
DA:4,1
DA:5,1
DA:7,1
DA:8,1
DA:9,1
DA:10,1
DA:11,1
DA:12,1
DA:13,1
DA:14,1
DA:15,1
DA:16,1
DA:17,1
DA:18,1
DA:19,1
DA:20,1
DA:21,1
DA:23,2
DA:24,2
DA:25,2
DA:26,2
DA:27,2
DA:28,2
DA:29,2
DA:30,2
DA:31,2
DA:32,2
DA:33,2
DA:34,2
DA:35,2
DA:36,2
DA:37,2
DA:38,2
DA:39,2
DA:40,2
DA:41,2
DA:42,2
DA:43,2
DA:44,2
DA:45,2
DA:46,2
DA:47,2
DA:49,2
LF:46
LH:46
BRDA:7,0,0,1
BRDA:8,1,0,1
BRDA:23,2,0,2
BRF:3
BRH:3
end_of_record
TN:
SF:src\api\ai.js
FN:4,health
FN:5,chat
FN:6,listConversations
FN:7,getConversationMessages
FN:8,deleteConversation
FN:9,generateInsight
FN:10,quickInsights
FN:11,processDocument
FNF:8
FNH:8
FNDA:1,health
FNDA:1,chat
FNDA:1,listConversations
FNDA:1,getConversationMessages
FNDA:1,deleteConversation
FNDA:1,generateInsight
FNDA:7,quickInsights
FNDA:1,processDocument
DA:1,2
DA:3,2
DA:4,2
DA:5,2
DA:6,2
DA:7,2
DA:8,2
DA:9,2
DA:10,2
DA:11,2
DA:12,2
LF:11
LH:11
BRDA:10,0,0,7
BRDA:4,1,0,1
BRDA:5,2,0,1
BRDA:6,3,0,1
BRDA:7,4,0,1
BRDA:8,5,0,1
BRDA:9,6,0,1
BRDA:11,7,0,1
BRF:8
BRH:8
end_of_record
TN:
SF:src\api\auth.js
FN:4,login
FN:5,register
FN:6,logout
FN:7,me
FN:8,updateProfile
FN:9,deleteProfile
FN:13,list
FN:14,get
FN:15,create
FN:16,update
FN:17,delete
FN:21,list
FNF:12
FNH:12
FNDA:1,login
FNDA:1,register
FNDA:1,logout
FNDA:1,me
FNDA:1,updateProfile
FNDA:1,deleteProfile
FNDA:1,list
FNDA:1,get
FNDA:1,create
FNDA:1,update
FNDA:1,delete
FNDA:1,list
DA:1,1
DA:2,1
DA:3,1
DA:4,1
DA:5,1
DA:6,1
DA:7,1
DA:8,1
DA:9,1
DA:10,1
DA:11,1
DA:12,1
DA:13,1
DA:14,1
DA:15,1
DA:16,1
DA:17,1
DA:18,1
DA:19,1
DA:20,1
DA:21,1
DA:22,1
LF:22
LH:22
BRDA:4,0,0,1
BRDA:5,1,0,1
BRDA:6,2,0,1
BRDA:7,3,0,1
BRDA:8,4,0,1
BRDA:9,5,0,1
BRDA:13,6,0,1
BRDA:14,7,0,1
BRDA:15,8,0,1
BRDA:16,9,0,1
BRDA:17,10,0,1
BRDA:21,11,0,1
BRF:12
BRH:12
end_of_record
TN:
SF:src\api\client.js
FN:19,client.interceptors.response.use.originalRequest
FNF:1
FNH:0
FNDA:0,client.interceptors.response.use.originalRequest
DA:1,1
DA:3,1
DA:5,1
DA:6,1
DA:7,1
DA:8,1
DA:10,1
DA:11,6
DA:12,6
DA:13,0
DA:14,0
DA:15,6
DA:16,1
DA:18,1
DA:19,1
DA:20,1
DA:21,6
DA:22,6
DA:23,0
DA:24,0
DA:25,0
DA:26,0
DA:27,0
DA:28,0
DA:29,0
DA:30,0
DA:31,0
DA:32,0
DA:33,0
DA:34,0
DA:35,0
DA:36,0
DA:37,0
DA:38,0
DA:39,0
DA:40,6
DA:41,6
DA:42,1
DA:44,1
LF:39
LH:20
BRDA:10,0,0,6
BRDA:12,1,0,0
BRDA:20,2,0,6
BRDA:22,3,0,0
BRDA:22,4,0,0
BRDA:22,5,0,0
BRF:6
BRH:2
end_of_record
TN:
SF:src\api\core.js
FN:4,search
FN:8,list
FN:9,markRead
FN:10,markAllRead
FN:14,list
FN:18,list
FN:22,list
FN:23,update
FN:27,get
FN:28,update
FNF:10
FNH:10
FNDA:1,search
FNDA:1,list
FNDA:1,markRead
FNDA:1,markAllRead
FNDA:1,list
FNDA:1,list
FNDA:1,list
FNDA:1,update
FNDA:1,get
FNDA:1,update
DA:1,1
DA:2,1
DA:3,1
DA:4,1
DA:5,1
DA:6,1
DA:7,1
DA:8,1
DA:9,1
DA:10,1
DA:11,1
DA:12,1
DA:13,1
DA:14,1
DA:15,1
DA:16,1
DA:17,1
DA:18,1
DA:19,1
DA:20,1
DA:21,1
DA:22,1
DA:23,1
DA:24,1
DA:25,1
DA:26,1
DA:27,1
DA:28,1
DA:29,1
DA:30,1
DA:31,1
LF:31
LH:31
BRDA:4,0,0,1
BRDA:8,1,0,1
BRDA:9,2,0,1
BRDA:10,3,0,1
BRDA:14,4,0,1
BRDA:18,5,0,1
BRDA:22,6,0,1
BRDA:23,7,0,1
BRDA:27,8,0,1
BRDA:28,9,0,1
BRF:10
BRH:10
end_of_record
TN:
SF:src\api\customers.js
FN:4,list
FN:5,get
FN:6,create
FN:7,update
FN:8,delete
FN:9,search
FN:10,import
FN:18,exportTemplate
FN:23,export
FN:28,list
FNF:10
FNH:10
FNDA:1,list
FNDA:1,get
FNDA:1,create
FNDA:1,update
FNDA:1,delete
FNDA:1,search
FNDA:1,import
FNDA:1,exportTemplate
FNDA:1,export
FNDA:1,list
DA:1,1
DA:2,1
DA:3,1
DA:4,1
DA:5,1
DA:6,1
DA:7,1
DA:8,1
DA:9,1
DA:10,1
DA:11,1
DA:12,1
DA:13,1
DA:14,1
DA:15,1
DA:16,1
DA:17,1
DA:18,1
DA:19,1
DA:20,1
DA:21,1
DA:22,1
DA:23,1
DA:24,1
DA:25,1
DA:26,1
DA:27,1
DA:28,1
DA:29,1
LF:29
LH:29
BRDA:4,0,0,1
BRDA:5,1,0,1
BRDA:6,2,0,1
BRDA:7,3,0,1
BRDA:8,4,0,1
BRDA:9,5,0,1
BRDA:10,6,0,1
BRDA:18,7,0,1
BRDA:23,8,0,1
BRDA:28,9,0,1
BRF:10
BRH:10
end_of_record
TN:
SF:src\api\deliveries.js
FN:4,list
FN:5,get
FN:6,create
FN:7,update
FN:8,delete
FNF:5
FNH:5
FNDA:1,list
FNDA:1,get
FNDA:1,create
FNDA:1,update
FNDA:1,delete
DA:1,1
DA:3,1
DA:4,1
DA:5,1
DA:6,1
DA:7,1
DA:8,1
DA:9,1
LF:8
LH:8
BRDA:4,0,0,1
BRDA:5,1,0,1
BRDA:6,2,0,1
BRDA:7,3,0,1
BRDA:8,4,0,1
BRF:5
BRH:5
end_of_record
TN:
SF:src\api\documents.js
FN:4,list
FN:5,get
FN:6,upload
FN:10,delete
FNF:4
FNH:4
FNDA:1,list
FNDA:1,get
FNDA:1,upload
FNDA:1,delete
DA:1,1
DA:3,1
DA:4,1
DA:5,1
DA:6,1
DA:7,1
DA:8,1
DA:9,1
DA:10,1
DA:11,1
LF:10
LH:10
BRDA:4,0,0,1
BRDA:5,1,0,1
BRDA:6,2,0,1
BRDA:10,3,0,1
BRF:4
BRH:4
end_of_record
TN:
SF:src\api\inventory.js
FN:4,list
FN:5,create
FN:6,update
FN:7,delete
FN:11,list
FN:12,get
FN:13,create
FN:14,update
FN:15,delete
FN:19,list
FN:20,get
FN:21,create
FN:22,update
FN:23,delete
FN:27,list
FN:28,create
FN:29,update
FN:30,delete
FNF:18
FNH:18
FNDA:1,list
FNDA:1,create
FNDA:1,update
FNDA:1,delete
FNDA:1,list
FNDA:1,get
FNDA:1,create
FNDA:1,update
FNDA:1,delete
FNDA:1,list
FNDA:1,get
FNDA:1,create
FNDA:1,update
FNDA:1,delete
FNDA:1,list
FNDA:1,create
FNDA:1,update
FNDA:1,delete
DA:1,1
DA:3,1
DA:4,1
DA:5,1
DA:6,1
DA:7,1
DA:8,1
DA:10,1
DA:11,1
DA:12,1
DA:13,1
DA:14,1
DA:15,1
DA:16,1
DA:18,1
DA:19,1
DA:20,1
DA:21,1
DA:22,1
DA:23,1
DA:24,1
DA:26,1
DA:27,1
DA:28,1
DA:29,1
DA:30,1
DA:31,1
LF:27
LH:27
BRDA:4,0,0,1
BRDA:5,1,0,1
BRDA:6,2,0,1
BRDA:7,3,0,1
BRDA:11,4,0,1
BRDA:12,5,0,1
BRDA:13,6,0,1
BRDA:14,7,0,1
BRDA:15,8,0,1
BRDA:19,9,0,1
BRDA:20,10,0,1
BRDA:21,11,0,1
BRDA:22,12,0,1
BRDA:23,13,0,1
BRDA:27,14,0,1
BRDA:28,15,0,1
BRDA:29,16,0,1
BRDA:30,17,0,1
BRF:18
BRH:18
end_of_record
TN:
SF:src\api\messaging.js
FN:4,list
FN:5,get
FN:6,create
FN:7,markRead
FNF:4
FNH:4
FNDA:1,list
FNDA:1,get
FNDA:1,create
FNDA:1,markRead
DA:1,1
DA:3,1
DA:4,1
DA:5,1
DA:6,1
DA:7,1
DA:8,1
LF:7
LH:7
BRDA:4,0,0,1
BRDA:5,1,0,1
BRDA:6,2,0,1
BRDA:7,3,0,1
BRF:4
BRH:4
end_of_record
TN:
SF:src\api\orders.js
FN:4,list
FN:5,get
FN:6,create
FN:7,update
FN:8,delete
FN:9,updateStatus
FNF:6
FNH:6
FNDA:1,list
FNDA:1,get
FNDA:1,create
FNDA:1,update
FNDA:1,delete
FNDA:1,updateStatus
DA:1,1
DA:3,1
DA:4,1
DA:5,1
DA:6,1
DA:7,1
DA:8,1
DA:9,1
DA:10,1
LF:9
LH:9
BRDA:4,0,0,1
BRDA:5,1,0,1
BRDA:6,2,0,1
BRDA:7,3,0,1
BRDA:8,4,0,1
BRDA:9,5,0,1
BRF:6
BRH:6
end_of_record
TN:
SF:src\api\reports.js
FN:4,dashboard
FN:5,sales
FN:6,inventory
FNF:3
FNH:3
FNDA:1,dashboard
FNDA:1,sales
FNDA:1,inventory
DA:1,1
DA:3,1
DA:4,1
DA:5,1
DA:6,1
DA:7,1
LF:6
LH:6
BRDA:4,0,0,1
BRDA:5,1,0,1
BRDA:6,2,0,1
BRF:3
BRH:3
end_of_record
TN:
SF:src\components\AIInsightsWidget.jsx
FN:31,AIInsightsWidget
FN:40,fetchInsights
FNF:2
FNH:2
FNDA:27,AIInsightsWidget
FNDA:17,fetchInsights
DA:1,1
DA:2,1
DA:3,1
DA:4,1
DA:6,1
DA:7,1
DA:8,1
DA:9,1
DA:10,1
DA:11,1
DA:13,1
DA:14,1
DA:15,1
DA:16,1
DA:17,1
DA:19,1
DA:20,1
DA:21,1
DA:22,1
DA:23,1
DA:25,1
DA:26,1
DA:27,1
DA:28,1
DA:29,1
DA:31,27
DA:32,27
DA:33,27
DA:34,27
DA:36,27
DA:37,16
DA:38,27
DA:40,27
DA:41,17
DA:42,17
DA:43,17
DA:44,17
DA:45,17
DA:46,17
DA:47,8
DA:48,17
DA:49,16
DA:50,16
DA:51,17
DA:53,27
DA:54,2
DA:55,2
DA:56,2
DA:57,2
DA:58,2
DA:59,2
DA:60,2
DA:61,2
DA:62,2
DA:63,2
DA:64,2
DA:65,2
DA:67,2
DA:68,2
DA:70,2
DA:72,25
DA:73,25
DA:74,25
DA:75,25
DA:76,25
DA:77,25
DA:78,25
DA:79,25
DA:80,25
DA:81,25
DA:82,25
DA:84,27
DA:85,27
DA:86,27
DA:88,27
DA:89,17
DA:90,17
DA:91,51
DA:92,51
DA:93,51
DA:94,51
DA:95,17
DA:96,17
DA:98,8
DA:99,8
DA:100,9
DA:101,9
DA:102,9
DA:103,9
DA:105,9
DA:106,9
DA:107,9
DA:108,9
DA:109,9
DA:110,9
DA:111,9
DA:112,9
DA:113,9
DA:114,9
DA:115,9
DA:116,9
DA:117,9
DA:118,9
DA:119,9
DA:121,8
DA:122,8
DA:123,3
DA:125,8
DA:127,27
DA:129,27
DA:131,1
DA:132,1
DA:133,1
LF:113
LH:113
BRDA:31,0,0,27
BRDA:53,1,0,2
BRDA:70,2,0,25
BRDA:84,3,0,17
BRDA:84,4,0,8
BRDA:88,5,0,17
BRDA:96,6,0,8
BRDA:122,7,0,3
BRDA:36,8,0,16
BRDA:40,9,0,17
BRDA:44,10,0,11
BRDA:44,11,0,8
BRDA:45,12,0,1
BRDA:46,13,0,8
BRDA:48,14,0,16
BRDA:90,15,0,51
BRDA:99,16,0,9
BRDA:100,17,0,1
BRDA:101,18,0,1
BRDA:102,19,0,1
BRDA:103,20,0,1
BRF:21
BRH:21
end_of_record
TN:
SF:src\components\SidebarContent.jsx
FN:8,SidebarContent
FNF:1
FNH:1
FNDA:8,SidebarContent
DA:3,1
DA:4,1
DA:5,1
DA:6,1
DA:8,1
DA:9,8
DA:10,8
DA:11,8
DA:12,8
DA:13,8
DA:14,1
DA:16,7
DA:17,7
DA:18,7
DA:20,8
DA:21,8
DA:22,8
DA:23,1
DA:24,1
DA:25,1
DA:27,8
DA:28,8
DA:29,8
DA:30,16
DA:31,8
DA:32,8
DA:33,16
DA:34,16
DA:35,16
DA:36,16
DA:37,16
DA:38,16
DA:39,16
DA:40,16
DA:41,8
DA:42,8
DA:43,16
DA:45,16
DA:46,16
DA:47,16
DA:49,8
DA:50,8
DA:51,8
DA:53,8
DA:55,1
DA:56,1
DA:57,1
DA:58,1
DA:59,1
DA:60,1
DA:61,1
DA:62,1
DA:63,1
DA:64,1
DA:65,1
DA:66,1
DA:67,1
LF:57
LH:57
BRDA:8,0,0,8
BRDA:13,1,0,1
BRDA:14,2,0,7
BRDA:20,3,0,0
BRDA:22,4,0,1
BRDA:29,5,0,16
BRDA:30,6,0,8
BRDA:31,7,0,8
BRDA:40,8,0,8
BRDA:41,9,0,8
BRDA:45,10,0,8
BRDA:45,11,0,8
BRF:12
BRH:11
end_of_record
TN:
SF:src\components\common\ConfirmDialog.jsx
FN:5,ConfirmDialog
FNF:1
FNH:0
FNDA:0,ConfirmDialog
DA:1,1
DA:2,1
DA:3,1
DA:5,0
DA:6,0
DA:7,0
DA:8,0
DA:9,0
DA:10,0
DA:11,0
DA:12,0
DA:13,0
DA:14,0
DA:15,0
DA:16,0
DA:17,0
DA:19,0
DA:21,1
DA:22,1
DA:23,1
DA:24,1
DA:25,1
DA:26,1
DA:27,1
DA:28,1
DA:29,1
LF:26
LH:12
BRF:0
BRH:0
end_of_record
TN:
SF:src\components\common\DataTable.jsx
FN:4,DataTable
FNF:1
FNH:0
FNDA:0,DataTable
DA:1,1
DA:2,1
DA:4,0
DA:5,0
DA:6,0
DA:7,0
DA:8,0
DA:9,0
DA:10,0
DA:11,0
DA:12,0
DA:13,0
DA:14,0
DA:16,0
DA:17,0
DA:18,0
DA:19,0
DA:20,0
DA:21,0
DA:22,0
DA:23,0
DA:24,0
DA:25,0
DA:26,0
DA:27,0
DA:29,0
DA:30,0
DA:31,0
DA:32,0
DA:33,0
DA:34,0
DA:36,0
DA:37,0
DA:38,0
DA:39,0
DA:41,0
DA:42,0
DA:43,0
DA:44,0
DA:46,0
DA:48,1
DA:49,1
DA:50,1
DA:51,1
DA:52,1
DA:53,1
DA:54,1
DA:55,1
LF:48
LH:10
BRF:0
BRH:0
end_of_record
TN:
SF:src\components\common\EmptyState.jsx
FN:4,EmptyState
FNF:1
FNH:0
FNDA:0,EmptyState
DA:1,1
DA:2,1
DA:4,0
DA:5,0
DA:6,0
DA:7,0
DA:8,0
DA:9,0
DA:11,0
DA:13,1
DA:14,1
DA:15,1
DA:16,1
LF:13
LH:6
BRF:0
BRH:0
end_of_record
TN:
SF:src\components\common\ErrorBoundary.jsx
FN:5,ErrorBoundary
FN:10,getDerivedStateFromError
FN:14,<instance_members_initializer>
FN:14,handleRetry
FN:18,render
FNF:5
FNH:3
FNDA:13,ErrorBoundary
FNDA:0,getDerivedStateFromError
FNDA:13,<instance_members_initializer>
FNDA:0,handleRetry
FNDA:14,render
DA:1,1
DA:2,1
DA:4,1
DA:5,1
DA:6,13
DA:7,13
DA:8,13
DA:10,1
DA:11,0
DA:12,0
DA:14,1
DA:15,0
DA:16,0
DA:18,1
DA:19,14
DA:20,0
DA:21,0
DA:22,0
DA:23,0
DA:24,0
DA:25,0
DA:26,0
DA:27,0
DA:28,0
DA:29,0
DA:30,0
DA:32,0
DA:33,0
DA:34,0
DA:36,0
DA:37,14
DA:38,14
DA:39,1
DA:41,1
DA:42,1
DA:43,1
LF:36
LH:17
BRDA:5,0,0,13
BRDA:14,1,0,13
BRDA:18,2,0,14
BRDA:19,3,0,0
BRF:4
BRH:3
end_of_record
TN:
SF:src\components\common\FilterBar.jsx
FN:3,FilterBar
FNF:1
FNH:1
FNDA:47,FilterBar
DA:1,1
DA:3,47
DA:4,47
DA:5,47
DA:6,47
DA:7,47
DA:8,47
DA:9,47
DA:11,47
DA:13,1
DA:14,1
DA:15,1
LF:12
LH:12
BRDA:3,0,0,47
BRF:1
BRH:1
end_of_record
TN:
SF:src\components\common\FormField.jsx
FN:4,FormField
FN:13,onChange
FNF:2
FNH:2
FNDA:249,FormField
FNDA:5,onChange
DA:1,1
DA:2,1
DA:4,249
DA:5,249
DA:6,249
DA:7,249
DA:8,249
DA:9,249
DA:10,249
DA:11,249
DA:12,249
DA:13,249
DA:14,249
DA:15,249
DA:16,249
DA:18,249
DA:20,1
DA:21,1
DA:22,1
DA:23,1
DA:24,1
DA:25,1
DA:26,1
LF:23
LH:23
BRDA:4,0,0,249
BRDA:11,1,0,6
BRDA:11,2,0,243
BRDA:12,3,0,0
BRDA:13,4,0,5
BRF:5
BRH:4
end_of_record
TN:
SF:src\components\common\PageHeader.jsx
FN:3,PageHeader
FNF:1
FNH:1
FNDA:153,PageHeader
DA:1,1
DA:3,153
DA:4,153
DA:5,153
DA:6,153
DA:7,153
DA:8,153
DA:10,153
DA:12,1
DA:13,1
DA:14,1
DA:15,1
LF:12
LH:12
BRDA:3,0,0,153
BRDA:7,1,0,125
BRF:2
BRH:2
end_of_record
TN:
SF:src\components\common\Pagination.jsx
FN:4,Pagination
FNF:1
FNH:1
FNDA:34,Pagination
DA:1,1
DA:2,1
DA:4,34
DA:5,34
DA:6,34
DA:7,34
DA:8,34
DA:9,34
DA:10,34
DA:11,34
DA:12,34
DA:13,34
DA:14,34
DA:16,34
DA:17,34
DA:18,34
DA:19,34
DA:20,34
DA:21,34
DA:23,34
DA:24,34
DA:25,34
DA:26,34
DA:28,34
DA:30,1
DA:31,1
DA:32,1
DA:33,1
DA:34,1
DA:35,1
LF:30
LH:30
BRDA:4,0,0,34
BRF:1
BRH:1
end_of_record
TN:
SF:src\components\common\SearchInput.jsx
FN:5,SearchInput
FNF:1
FNH:1
FNDA:75,SearchInput
DA:1,1
DA:2,1
DA:3,1
DA:5,75
DA:6,75
DA:7,75
DA:8,75
DA:9,75
DA:10,75
DA:11,75
DA:12,75
DA:13,75
DA:14,75
DA:15,75
DA:16,75
DA:18,75
DA:20,1
DA:21,1
DA:22,1
DA:23,1
DA:24,1
DA:25,1
LF:22
LH:22
BRDA:5,0,0,75
BRF:1
BRH:1
end_of_record
TN:
SF:src\components\common\SelectField.jsx
FN:4,SelectField
FNF:1
FNH:0
FNDA:0,SelectField
DA:1,1
DA:2,1
DA:4,0
DA:5,0
DA:6,0
DA:7,0
DA:8,0
DA:9,0
DA:11,0
DA:13,1
DA:14,1
DA:15,1
DA:16,1
DA:17,1
DA:18,1
LF:15
LH:8
BRF:0
BRH:0
end_of_record
TN:
SF:src\components\common\SlidePanel.jsx
FN:4,SlidePanel
FNF:1
FNH:0
FNDA:0,SlidePanel
DA:1,1
DA:2,1
DA:4,0
DA:5,0
DA:6,0
DA:7,0
DA:8,0
DA:9,0
DA:10,0
DA:11,0
DA:12,0
DA:13,0
DA:14,0
DA:16,0
DA:18,1
DA:19,1
DA:20,1
DA:21,1
DA:22,1
DA:23,1
LF:20
LH:8
BRF:0
BRH:0
end_of_record
TN:
SF:src\components\common\StatCard.jsx
FN:3,StatCard
FNF:1
FNH:1
FNDA:110,StatCard
DA:1,1
DA:3,110
DA:4,110
DA:5,110
DA:6,110
DA:7,110
DA:8,110
DA:9,110
DA:10,110
DA:11,110
DA:12,110
DA:13,110
DA:15,110
DA:17,1
DA:18,1
DA:19,1
DA:20,1
DA:21,1
DA:22,1
LF:19
LH:19
BRDA:3,0,0,110
BRF:1
BRH:1
end_of_record
TN:
SF:src\components\common\index.js
FNF:0
FNH:0
DA:1,1
DA:2,1
DA:3,1
DA:4,1
DA:5,1
DA:6,1
DA:7,1
DA:8,1
DA:9,1
DA:10,1
DA:11,1
DA:12,1
LF:12
LH:12
BRF:0
BRH:0
end_of_record
TN:
SF:src\components\ui\Badge.jsx
FN:14,Badge
FNF:1
FNH:1
FNDA:160,Badge
DA:1,1
DA:2,1
DA:4,1
DA:5,1
DA:6,1
DA:7,1
DA:8,1
DA:9,1
DA:10,1
DA:11,1
DA:12,1
DA:14,160
DA:15,160
DA:16,160
DA:17,160
DA:18,160
DA:19,160
DA:20,160
DA:21,160
DA:22,160
DA:24,160
DA:25,160
DA:27,160
DA:29,1
DA:30,1
DA:31,1
DA:32,1
DA:33,1
DA:34,1
DA:35,1
LF:30
LH:30
BRDA:14,0,0,160
BRDA:15,1,0,82
BRDA:15,2,0,114
BRDA:15,3,0,0
BRF:4
BRH:3
end_of_record
TN:
SF:src\components\ui\Button.jsx
FN:17,Button
FN:27,renderIcon
FNF:2
FNH:2
FNDA:312,Button
FNDA:312,renderIcon
DA:1,1
DA:2,1
DA:4,1
DA:5,1
DA:6,1
DA:7,1
DA:8,1
DA:9,1
DA:11,1
DA:12,1
DA:13,1
DA:14,1
DA:15,1
DA:17,312
DA:18,312
DA:19,312
DA:20,312
DA:21,312
DA:22,312
DA:23,312
DA:24,312
DA:25,312
DA:26,312
DA:27,312
DA:28,312
DA:29,8
DA:30,8
DA:31,306
DA:32,267
DA:33,267
DA:34,37
DA:35,312
DA:37,312
DA:38,312
DA:39,312
DA:40,312
DA:41,312
DA:42,312
DA:43,312
DA:44,312
DA:45,312
DA:46,312
DA:48,312
DA:49,312
DA:50,312
DA:52,312
DA:54,1
DA:55,1
DA:56,1
DA:57,1
DA:58,1
DA:59,1
DA:60,1
DA:61,1
DA:62,1
LF:55
LH:55
BRDA:17,0,0,312
BRDA:27,1,0,312
BRDA:28,2,0,8
BRDA:30,3,0,306
BRDA:30,4,0,304
BRDA:31,5,0,267
BRDA:33,6,0,37
BRF:7
BRH:7
end_of_record
TN:
SF:src\components\ui\Input.jsx
FN:4,Input
FNF:1
FNH:1
FNDA:324,Input
DA:1,1
DA:2,1
DA:4,324
DA:5,324
DA:6,324
DA:7,324
DA:8,324
DA:9,324
DA:10,324
DA:11,324
DA:12,324
DA:14,324
DA:16,1
DA:17,1
DA:18,1
LF:15
LH:15
BRDA:4,0,0,324
BRF:1
BRH:1
end_of_record
TN:
SF:src\components\ui\Modal.jsx
FN:4,Modal
FN:14,Header
FN:27,Body
FN:31,Footer
FNF:4
FNH:2
FNDA:20,Modal
FNDA:20,Header
FNDA:0,Body
FNDA:0,Footer
DA:1,1
DA:2,1
DA:4,20
DA:5,20
DA:6,20
DA:7,20
DA:8,20
DA:9,20
DA:10,20
DA:12,20
DA:14,20
DA:15,20
DA:16,20
DA:17,20
DA:18,20
DA:19,20
DA:20,20
DA:21,20
DA:23,20
DA:25,20
DA:27,0
DA:28,0
DA:29,0
DA:31,0
DA:32,0
DA:33,0
DA:34,0
DA:35,0
DA:37,0
DA:39,1
DA:40,1
DA:41,1
DA:43,1
DA:45,1
DA:46,1
DA:47,1
DA:48,1
DA:49,1
DA:51,1
DA:52,1
DA:53,1
DA:54,1
DA:56,1
DA:57,1
DA:58,1
DA:59,1
DA:61,1
DA:62,1
DA:63,1
LF:49
LH:40
BRDA:4,0,0,20
BRDA:14,1,0,20
BRF:2
BRH:2
end_of_record
TN:
SF:src\components\ui\Select.jsx
FN:4,Select
FNF:1
FNH:1
FNDA:132,Select
DA:1,1
DA:2,1
DA:4,132
DA:5,132
DA:6,132
DA:7,132
DA:8,132
DA:9,132
DA:10,132
DA:11,132
DA:13,132
DA:14,132
DA:15,335
DA:16,195
DA:18,140
DA:20,132
DA:21,132
DA:23,132
DA:25,1
DA:26,1
DA:27,1
DA:28,1
DA:29,1
LF:23
LH:23
BRDA:4,0,0,132
BRDA:14,1,0,335
BRDA:15,2,0,195
BRDA:16,3,0,140
BRF:4
BRH:4
end_of_record
TN:
SF:src\components\ui\Spinner.jsx
FN:3,PageSpinner
FN:11,InlineSpinner
FNF:2
FNH:1
FNDA:91,PageSpinner
FNDA:0,InlineSpinner
DA:2,1
DA:3,1
DA:4,91
DA:5,91
DA:6,91
DA:7,91
DA:9,91
DA:11,1
DA:12,0
DA:13,0
DA:15,0
DA:17,1
DA:18,1
DA:19,1
LF:14
LH:11
BRDA:3,0,0,91
BRF:1
BRH:1
end_of_record
TN:
SF:src\components\ui\Textarea.jsx
FN:4,Textarea
FNF:1
FNH:0
FNDA:0,Textarea
DA:1,1
DA:2,1
DA:4,0
DA:5,0
DA:6,0
DA:7,0
DA:8,0
DA:9,0
DA:10,0
DA:11,0
DA:12,0
DA:14,0
DA:16,1
LF:13
LH:3
BRF:0
BRH:0
end_of_record
TN:
SF:src\components\ui\index.js
FNF:0
FNH:0
DA:1,1
DA:2,1
DA:3,1
DA:4,1
DA:5,1
DA:6,1
DA:7,1
LF:7
LH:7
BRF:0
BRH:0
end_of_record
TN:
SF:src\constants\navigation.js
FNF:0
FNH:0
DA:1,2
DA:14,2
DA:15,2
DA:16,2
DA:17,2
DA:18,2
DA:19,2
DA:20,2
DA:21,2
DA:22,2
DA:23,2
DA:24,2
DA:25,2
DA:26,2
DA:27,2
DA:28,2
DA:29,2
LF:17
LH:17
BRF:0
BRH:0
end_of_record
TN:
SF:src\constants\statusColors.js
FNF:0
FNH:0
DA:1,1
DA:2,1
DA:3,1
DA:4,1
DA:5,1
DA:6,1
DA:7,1
DA:8,1
DA:9,1
DA:10,1
DA:11,1
DA:12,1
DA:13,1
DA:14,1
DA:15,1
DA:16,1
DA:17,1
DA:18,1
DA:19,1
DA:20,1
DA:21,1
DA:22,1
DA:23,1
DA:24,1
DA:25,1
DA:26,1
DA:27,1
DA:28,1
DA:29,1
DA:30,1
DA:31,1
DA:32,1
DA:33,1
DA:34,1
DA:35,1
DA:36,1
DA:37,1
DA:38,1
DA:39,1
DA:40,1
DA:41,1
DA:42,1
DA:43,1
DA:44,1
DA:45,1
DA:46,1
DA:47,1
LF:47
LH:47
BRF:0
BRH:0
end_of_record
TN:
SF:src\contexts\AuthContext.jsx
FN:1,(empty-report)
FNF:1
FNH:0
FNDA:0,(empty-report)
DA:1,0
DA:2,0
DA:3,0
DA:5,0
DA:7,0
DA:8,0
DA:9,0
DA:11,0
DA:12,0
DA:13,0
DA:14,0
DA:15,0
DA:16,0
DA:17,0
DA:18,0
DA:19,0
DA:20,0
DA:21,0
DA:22,0
DA:23,0
DA:24,0
DA:25,0
DA:26,0
DA:28,0
DA:29,0
DA:30,0
DA:32,0
DA:33,0
DA:34,0
DA:35,0
DA:36,0
DA:37,0
DA:38,0
DA:40,0
DA:41,0
DA:42,0
DA:43,0
DA:44,0
DA:45,0
DA:46,0
DA:48,0
DA:49,0
DA:50,0
DA:51,0
DA:52,0
DA:54,0
DA:55,0
DA:56,0
DA:57,0
DA:58,0
DA:60,0
DA:61,0
DA:62,0
DA:64,0
DA:65,0
DA:66,0
DA:67,0
DA:69,0
DA:70,0
DA:71,0
DA:72,0
DA:74,0
DA:76,0
DA:77,0
DA:78,0
DA:79,0
DA:80,0
DA:82,0
DA:83,0
DA:84,0
LF:70
LH:0
BRDA:1,0,0,0
BRF:1
BRH:0
end_of_record
TN:
SF:src\contexts\BrandingContext.jsx
FN:14,BrandingProvider
FN:61,useBranding
FNF:2
FNH:2
FNDA:8,BrandingProvider
FNDA:11,useBranding
DA:1,1
DA:2,1
DA:3,1
DA:4,1
DA:6,1
DA:7,1
DA:8,1
DA:9,1
DA:10,1
DA:12,1
DA:14,1
DA:15,8
DA:17,8
DA:18,4
DA:19,4
DA:20,3
DA:21,4
DA:22,4
DA:23,4
DA:24,4
DA:25,4
DA:28,4
DA:31,4
DA:32,1
DA:33,1
DA:34,1
DA:35,1
DA:36,1
DA:37,1
DA:38,1
DA:39,1
DA:40,4
DA:42,1
DA:43,8
DA:45,8
DA:46,5
DA:47,5
DA:48,4
DA:49,4
DA:50,8
DA:52,8
DA:54,8
DA:55,8
DA:56,8
DA:57,8
DA:59,8
DA:61,1
DA:62,11
DA:63,11
DA:64,8
DA:65,8
DA:67,1
DA:68,1
DA:69,1
LF:54
LH:54
BRDA:14,0,0,8
BRDA:17,1,0,4
BRDA:19,2,0,3
BRDA:21,3,0,0
BRDA:22,4,0,2
BRDA:23,5,0,2
BRDA:31,6,0,1
BRDA:40,7,0,1
BRDA:45,8,0,5
BRDA:47,9,0,4
BRDA:52,10,0,8
BRDA:61,11,0,11
BRDA:63,12,0,2
BRDA:63,13,0,8
BRF:14
BRH:13
end_of_record
TN:
SF:src\contexts\ThemeContext.jsx
FN:6,getInitialTheme
FN:13,ThemeProvider
FN:26,toggleTheme
FN:39,useTheme
FNF:4
FNH:4
FNDA:5,getInitialTheme
FNDA:7,ThemeProvider
FNDA:2,toggleTheme
FNDA:10,useTheme
DA:1,1
DA:2,1
DA:4,1
DA:6,5
DA:7,5
DA:8,5
DA:9,5
DA:10,2
DA:11,2
DA:13,1
DA:14,7
DA:16,7
DA:17,7
DA:18,7
DA:19,3
DA:20,7
DA:21,4
DA:22,4
DA:23,7
DA:24,7
DA:26,7
DA:27,2
DA:28,2
DA:30,7
DA:32,7
DA:33,7
DA:34,7
DA:35,7
DA:37,7
DA:39,1
DA:40,10
DA:41,10
DA:42,7
DA:43,7
DA:45,1
DA:46,1
DA:47,1
LF:37
LH:37
BRDA:6,0,0,5
BRDA:8,1,0,4
BRDA:8,2,0,3
BRDA:8,3,0,2
BRDA:9,4,0,0
BRDA:9,5,0,2
BRDA:13,6,0,7
BRDA:16,7,0,7
BRDA:18,8,0,3
BRDA:20,9,0,4
BRDA:26,10,0,2
BRDA:27,11,0,2
BRDA:27,12,0,0
BRDA:30,13,0,7
BRDA:39,14,0,10
BRDA:41,15,0,2
BRDA:41,16,0,7
BRF:17
BRH:15
end_of_record
TN:
SF:src\hooks\useApi.js
FN:1,(empty-report)
FNF:1
FNH:0
FNDA:0,(empty-report)
DA:1,0
DA:3,0
DA:4,0
DA:5,0
DA:6,0
DA:8,0
DA:9,0
DA:10,0
DA:11,0
DA:12,0
DA:13,0
DA:14,0
DA:15,0
DA:16,0
DA:17,0
DA:18,0
DA:19,0
DA:20,0
DA:21,0
DA:22,0
DA:23,0
DA:24,0
DA:25,0
DA:27,0
DA:28,0
LF:25
LH:0
BRDA:1,0,0,0
BRF:1
BRH:0
end_of_record
TN:
SF:src\hooks\useClickOutside.js
FN:1,(empty-report)
FNF:1
FNH:0
FNDA:0,(empty-report)
DA:1,0
DA:2,0
DA:3,0
DA:4,0
DA:5,0
DA:6,0
DA:7,0
DA:8,0
DA:9,0
DA:10,0
DA:11,0
DA:12,0
LF:12
LH:0
BRDA:1,0,0,0
BRF:1
BRH:0
end_of_record
TN:
SF:src\hooks\useDialog.js
FN:1,(empty-report)
FNF:1
FNH:0
FNDA:0,(empty-report)
DA:1,0
DA:2,0
DA:3,0
DA:4,0
DA:5,0
DA:6,0
DA:7,0
DA:8,0
DA:9,0
DA:10,0
DA:11,0
DA:12,0
DA:13,0
DA:14,0
DA:15,0
DA:16,0
DA:17,0
LF:17
LH:0
BRDA:1,0,0,0
BRF:1
BRH:0
end_of_record
TN:
SF:src\hooks\usePagination.js
FN:1,(empty-report)
FNF:1
FNH:0
FNDA:0,(empty-report)
DA:1,0
DA:2,0
DA:3,0
DA:4,0
DA:5,0
DA:6,0
DA:7,0
DA:8,0
DA:9,0
DA:10,0
DA:11,0
DA:12,0
DA:13,0
DA:14,0
DA:15,0
DA:16,0
DA:17,0
DA:18,0
DA:19,0
DA:20,0
LF:20
LH:0
BRDA:1,0,0,0
BRF:1
BRH:0
end_of_record
TN:
SF:src\layouts\AuthenticatedLayout.jsx
FN:10,AuthenticatedLayout
FN:17,handler
FN:47,onClick
FN:50,onClose
FN:64,onOpenSidebar
FNF:5
FNH:3
FNDA:18,AuthenticatedLayout
FNDA:1,handler
FNDA:0,onClick
FNDA:0,onClose
FNDA:1,onOpenSidebar
DA:1,1
DA:2,1
DA:3,1
DA:4,1
DA:5,1
DA:6,1
DA:7,1
DA:8,1
DA:10,18
DA:11,18
DA:12,18
DA:13,18
DA:14,18
DA:16,18
DA:17,15
DA:18,1
DA:19,1
DA:20,15
DA:21,15
DA:22,18
DA:24,18
DA:25,1
DA:26,1
DA:27,1
DA:28,1
DA:30,1
DA:32,18
DA:34,14
DA:35,14
DA:36,14
DA:38,14
DA:39,14
DA:41,14
DA:42,1
DA:43,1
DA:44,1
DA:45,1
DA:46,1
DA:47,1
DA:48,1
DA:49,1
DA:50,1
DA:51,1
DA:52,1
DA:56,18
DA:57,18
DA:58,18
DA:59,18
DA:60,18
DA:63,18
DA:64,18
DA:65,18
DA:66,18
DA:67,18
DA:68,18
DA:69,18
DA:70,18
DA:71,18
DA:73,18
LF:59
LH:59
BRDA:10,0,0,18
BRDA:24,1,0,1
BRDA:30,2,0,17
BRDA:32,3,0,3
BRDA:32,4,0,14
BRDA:41,5,0,1
BRDA:16,6,0,15
BRDA:17,7,0,1
BRDA:21,8,0,15
BRDA:35,9,0,168
BRDA:35,10,0,14
BRDA:64,11,0,1
BRF:12
BRH:12
end_of_record
TN:
SF:src\layouts\GuestLayout.jsx
FN:5,GuestLayout
FNF:1
FNH:1
FNDA:12,GuestLayout
DA:1,1
DA:2,1
DA:3,1
DA:5,12
DA:6,12
DA:7,12
DA:9,12
DA:10,1
DA:11,1
DA:12,1
DA:13,1
DA:15,1
DA:17,12
DA:19,10
DA:20,10
DA:21,10
DA:22,10
DA:23,10
DA:24,1
DA:26,12
DA:27,12
DA:28,12
DA:29,12
DA:30,12
DA:31,12
DA:33,12
LF:26
LH:26
BRDA:5,0,0,12
BRDA:9,1,0,1
BRDA:15,2,0,11
BRDA:17,3,0,1
BRDA:17,4,0,10
BRDA:23,5,0,1
BRDA:26,6,0,1
BRF:7
BRH:7
end_of_record
TN:
SF:src\layouts\Header.jsx
FN:12,Header
FN:26,handler
FN:42,handler
FN:65,markAllRead
FN:98,onChange
FN:99,onFocus
FN:109,onClick
FN:143,onClick
FN:193,onClick
FN:209,onClick
FN:216,onClick
FNF:11
FNH:7
FNDA:37,Header
FNDA:0,handler
FNDA:1,handler
FNDA:1,markAllRead
FNDA:2,onChange
FNDA:0,onFocus
FNDA:0,onClick
FNDA:3,onClick
FNDA:2,onClick
FNDA:0,onClick
FNDA:1,onClick
DA:1,1
DA:2,1
DA:3,1
DA:4,1
DA:5,1
DA:6,1
DA:7,1
DA:8,1
DA:12,37
DA:13,37
DA:14,37
DA:15,37
DA:16,37
DA:17,37
DA:18,37
DA:19,37
DA:20,37
DA:21,37
DA:22,37
DA:23,37
DA:25,37
DA:26,13
DA:27,0
DA:28,0
DA:29,0
DA:30,0
DA:31,13
DA:32,13
DA:33,37
DA:35,37
DA:36,13
DA:37,13
DA:38,13
DA:39,37
DA:41,37
DA:42,13
DA:43,1
DA:44,1
DA:45,1
DA:46,1
DA:47,1
DA:48,1
DA:49,13
DA:50,13
DA:51,37
DA:53,37
DA:54,2
DA:55,2
DA:56,1
DA:57,1
DA:58,2
DA:59,2
DA:60,2
DA:61,0
DA:62,0
DA:63,37
DA:65,37
DA:66,1
DA:67,1
DA:68,1
DA:69,1
DA:70,0
DA:71,0
DA:72,1
DA:74,37
DA:76,37
DA:77,37
DA:78,37
DA:79,37
DA:80,37
DA:81,37
DA:82,37
DA:83,37
DA:85,37
DA:86,37
DA:89,37
DA:90,37
DA:91,37
DA:92,37
DA:93,37
DA:94,37
DA:95,37
DA:96,37
DA:97,37
DA:98,37
DA:99,37
DA:100,37
DA:101,37
DA:102,1
DA:103,1
DA:104,1
DA:105,1
DA:106,1
DA:107,1
DA:108,1
DA:109,1
DA:111,1
DA:112,1
DA:113,1
DA:114,1
DA:115,1
DA:116,1
DA:117,1
DA:118,1
DA:119,1
DA:121,37
DA:122,37
DA:124,37
DA:126,37
DA:127,37
DA:128,37
DA:129,37
DA:130,37
DA:132,37
DA:133,37
DA:136,37
DA:137,37
DA:138,37
DA:139,37
DA:140,37
DA:141,37
DA:142,37
DA:143,37
DA:145,37
DA:146,37
DA:147,3
DA:148,3
DA:149,3
DA:151,37
DA:152,37
DA:153,3
DA:154,3
DA:155,3
DA:156,3
DA:157,1
DA:159,1
DA:161,3
DA:162,3
DA:163,3
DA:164,2
DA:166,1
DA:167,1
DA:168,1
DA:169,1
DA:170,1
DA:171,1
DA:172,1
DA:173,1
DA:175,1
DA:176,1
DA:177,1
DA:178,1
DA:180,3
DA:181,3
DA:183,37
DA:186,37
DA:187,37
DA:188,37
DA:189,37
DA:190,37
DA:191,37
DA:192,37
DA:193,37
DA:195,37
DA:196,37
DA:197,37
DA:198,37
DA:199,37
DA:200,37
DA:201,37
DA:202,37
DA:203,37
DA:204,2
DA:205,2
DA:206,2
DA:207,2
DA:208,2
DA:209,2
DA:211,2
DA:212,2
DA:213,2
DA:214,2
DA:215,2
DA:216,2
DA:217,2
DA:219,2
DA:220,2
DA:221,2
DA:223,37
DA:224,37
DA:225,37
DA:226,37
DA:228,37
DA:230,1
DA:231,1
DA:232,1
LF:196
LH:188
BRDA:12,0,0,37
BRDA:101,1,0,1
BRDA:101,2,0,1
BRDA:130,3,0,2
BRDA:130,4,0,35
BRDA:132,5,0,2
BRDA:132,6,0,35
BRDA:139,7,0,3
BRDA:139,8,0,34
BRDA:146,9,0,3
BRDA:152,10,0,3
BRDA:156,11,0,1
BRDA:163,12,0,2
BRDA:164,13,0,1
BRDA:199,14,0,0
BRDA:203,15,0,2
BRDA:25,16,0,13
BRDA:32,17,0,13
BRDA:35,18,0,13
BRDA:37,19,0,13
BRDA:37,20,0,0
BRDA:37,21,0,0
BRDA:41,22,0,13
BRDA:42,23,0,1
BRDA:50,24,0,13
BRDA:53,25,0,2
BRDA:55,26,0,1
BRDA:58,27,0,0
BRDA:60,28,0,0
BRDA:65,29,0,1
BRDA:69,30,0,0
BRDA:74,31,0,3
BRDA:98,32,0,2
BRDA:104,33,0,1
BRDA:143,34,0,3
BRDA:166,35,0,1
BRDA:193,36,0,2
BRDA:216,37,0,1
BRF:38
BRH:32
end_of_record
TN:
SF:src\pages\AI\Index.jsx
FN:22,AIAssistant
FN:47,checkHealth
FN:54,loadConversations
FN:59,loadConversationMessages
FN:71,handleSend
FN:113,handleConfirmAction
FN:141,handleCancelAction
FN:146,handleNewConversation
FN:154,handleDeleteConversation
FN:188,onClick
FN:200,onClick
FN:271,onSend
FNF:12
FNH:11
FNDA:119,AIAssistant
FNDA:31,checkHealth
FNDA:40,loadConversations
FNDA:5,loadConversationMessages
FNDA:11,handleSend
FNDA:3,handleConfirmAction
FNDA:1,handleCancelAction
FNDA:1,handleNewConversation
FNDA:2,handleDeleteConversation
FNDA:1,onClick
FNDA:0,onClick
FNDA:10,onSend
DA:1,1
DA:2,1
DA:3,1
DA:4,1
DA:5,1
DA:6,1
DA:9,1
DA:10,1
DA:11,1
DA:12,1
DA:14,1
DA:15,1
DA:16,1
DA:17,1
DA:18,1
DA:19,1
DA:20,1
DA:22,119
DA:23,119
DA:24,119
DA:25,119
DA:26,119
DA:27,119
DA:28,119
DA:29,119
DA:30,119
DA:31,119
DA:32,119
DA:33,119
DA:34,119
DA:35,119
DA:36,119
DA:38,119
DA:39,31
DA:40,31
DA:41,31
DA:42,119
DA:44,119
DA:45,119
DA:47,119
DA:48,31
DA:49,31
DA:50,31
DA:51,31
DA:52,31
DA:54,119
DA:55,40
DA:56,0
DA:57,40
DA:59,119
DA:60,5
DA:61,5
DA:62,5
DA:63,5
DA:64,5
DA:65,5
DA:66,5
DA:67,5
DA:68,5
DA:69,5
DA:71,119
DA:72,11
DA:73,11
DA:75,10
DA:76,10
DA:77,10
DA:79,10
DA:80,10
DA:82,10
DA:83,10
DA:84,10
DA:85,10
DA:86,10
DA:87,10
DA:89,9
DA:90,9
DA:91,9
DA:92,9
DA:93,7
DA:94,7
DA:95,9
DA:96,9
DA:98,9
DA:99,9
DA:100,11
DA:101,1
DA:102,1
DA:103,1
DA:104,1
DA:105,1
DA:106,1
DA:107,11
DA:108,10
DA:109,10
DA:110,10
DA:111,11
DA:113,119
DA:114,3
DA:115,3
DA:117,3
DA:118,3
DA:119,3
DA:120,3
DA:121,2
DA:122,2
DA:123,3
DA:124,1
DA:125,1
DA:126,1
DA:127,2
DA:128,2
DA:129,2
DA:130,2
DA:131,3
DA:132,1
DA:133,1
DA:134,1
DA:135,3
DA:136,3
DA:137,3
DA:138,3
DA:139,3
DA:141,119
DA:142,1
DA:143,1
DA:144,1
DA:146,119
DA:147,1
DA:148,1
DA:149,1
DA:150,1
DA:151,1
DA:152,1
DA:154,119
DA:155,2
DA:156,2
DA:157,1
DA:158,2
DA:159,0
DA:160,0
DA:161,0
DA:162,0
DA:163,0
DA:164,1
DA:165,1
DA:166,2
DA:168,119
DA:170,119
DA:171,119
DA:173,119
DA:174,119
DA:175,119
DA:176,119
DA:177,119
DA:178,119
DA:179,119
DA:180,119
DA:181,119
DA:184,119
DA:186,119
DA:187,119
DA:188,119
DA:189,119
DA:190,119
DA:191,119
DA:192,119
DA:193,119
DA:194,119
DA:195,119
DA:196,119
DA:197,119
DA:198,119
DA:199,119
DA:200,595
DA:201,595
DA:202,595
DA:203,119
DA:204,476
DA:205,595
DA:206,595
DA:207,595
DA:208,119
DA:209,119
DA:210,119
DA:211,88
DA:212,88
DA:213,85
DA:215,3
DA:217,88
DA:219,119
DA:220,119
DA:222,119
DA:223,3
DA:225,3
DA:229,119
DA:230,119
DA:231,5
DA:232,5
DA:233,5
DA:235,119
DA:236,77
DA:238,119
DA:239,37
DA:240,37
DA:241,62
DA:242,62
DA:243,62
DA:244,62
DA:245,62
DA:246,62
DA:247,62
DA:248,62
DA:249,62
DA:250,62
DA:251,37
DA:252,37
DA:253,10
DA:254,10
DA:255,10
DA:256,10
DA:257,10
DA:258,10
DA:259,10
DA:260,10
DA:262,37
DA:263,37
DA:265,119
DA:267,119
DA:268,119
DA:269,119
DA:270,119
DA:271,119
DA:272,119
DA:273,119
DA:274,119
DA:275,119
DA:276,119
DA:278,119
LF:238
LH:232
BRDA:22,0,0,119
BRDA:168,1,0,4
BRDA:168,2,0,115
BRDA:173,3,0,118
BRDA:173,4,0,1
BRDA:190,5,0,118
BRDA:190,6,0,1
BRDA:210,7,0,88
BRDA:211,8,0,85
BRDA:211,9,0,3
BRDA:212,10,0,85
BRDA:213,11,0,3
BRDA:222,12,0,3
BRDA:230,13,0,5
BRDA:235,14,0,114
BRDA:235,15,0,77
BRDA:238,16,0,114
BRDA:238,17,0,37
BRDA:252,18,0,10
BRDA:38,19,0,31
BRDA:41,20,0,31
BRDA:44,21,0,31
BRDA:45,22,0,56
BRDA:45,23,0,23
BRDA:47,24,0,31
BRDA:49,25,0,28
BRDA:50,26,0,1
BRDA:51,27,0,3
BRDA:54,28,0,40
BRDA:55,29,0,0
BRDA:55,30,0,0
BRDA:59,31,0,5
BRDA:64,32,0,4
BRDA:65,33,0,0
BRDA:67,34,0,1
BRDA:71,35,0,11
BRDA:72,36,0,10
BRDA:73,37,0,10
BRDA:73,38,0,1
BRDA:73,39,0,10
BRDA:87,40,0,9
BRDA:100,41,0,1
BRDA:101,42,0,0
BRDA:107,43,0,10
BRDA:80,44,0,10
BRDA:90,45,0,9
BRDA:92,46,0,7
BRDA:92,47,0,7
BRDA:103,48,0,1
BRDA:113,49,0,3
BRDA:114,50,0,0
BRDA:120,51,0,2
BRDA:121,52,0,1
BRDA:122,53,0,0
BRDA:123,54,0,1
BRDA:126,55,0,2
BRDA:131,56,0,1
BRDA:132,57,0,0
BRDA:132,58,0,0
BRDA:133,59,0,0
BRDA:128,60,0,2
BRDA:141,61,0,1
BRDA:146,62,0,1
BRDA:154,63,0,2
BRDA:156,64,0,1
BRDA:158,65,0,0
BRDA:163,66,0,1
BRDA:157,67,0,1
BRDA:157,68,0,1
BRDA:168,69,0,20
BRDA:188,70,0,1
BRDA:199,71,0,595
BRDA:202,72,0,119
BRDA:203,73,0,476
BRDA:240,74,0,62
BRDA:249,75,0,0
BRDA:271,76,0,10
BRF:77
BRH:66
end_of_record
TN:
SF:src\pages\AI\components\ActionCard.jsx
FN:9,ActionCard
FNF:1
FNH:1
FNDA:10,ActionCard
DA:1,1
DA:2,1
DA:4,1
DA:5,1
DA:6,1
DA:7,1
DA:9,10
DA:10,10
DA:12,10
DA:13,10
DA:15,10
DA:16,10
DA:17,10
DA:18,10
DA:19,10
DA:20,10
DA:21,10
DA:22,10
DA:24,10
DA:25,8
DA:26,8
DA:27,1
DA:28,1
DA:29,1
DA:30,1
DA:32,8
DA:33,1
DA:34,1
DA:35,1
DA:36,1
DA:37,1
DA:38,1
DA:39,1
DA:40,1
DA:41,8
DA:42,8
DA:43,1
DA:44,1
DA:45,1
DA:46,1
DA:48,8
DA:51,10
DA:52,2
DA:53,2
DA:54,2
DA:55,2
DA:56,2
DA:57,2
DA:60,10
DA:61,1
DA:62,1
DA:63,2
DA:64,2
DA:65,2
DA:66,2
DA:67,1
DA:68,1
DA:71,10
DA:72,10
DA:73,8
DA:74,8
DA:75,8
DA:76,8
DA:77,8
DA:78,8
DA:79,8
DA:80,8
DA:81,8
DA:82,8
DA:83,8
DA:85,2
DA:87,2
DA:89,10
DA:90,10
DA:92,10
DA:94,1
DA:95,1
DA:96,1
DA:97,1
DA:98,1
DA:99,1
LF:81
LH:81
BRDA:9,0,0,10
BRDA:10,1,0,0
BRDA:13,2,0,1
BRDA:20,3,0,0
BRDA:24,4,0,8
BRDA:24,5,0,8
BRDA:26,6,0,1
BRDA:32,7,0,1
BRDA:42,8,0,1
BRDA:51,9,0,2
BRDA:51,10,0,2
BRDA:60,11,0,1
BRDA:72,12,0,8
BRDA:72,13,0,8
BRDA:76,14,0,3
BRDA:76,15,0,5
BRDA:77,16,0,3
BRDA:77,17,0,5
BRDA:83,18,0,2
BRDA:32,19,0,1
BRDA:62,20,0,2
BRF:21
BRH:19
end_of_record
TN:
SF:src\pages\AI\components\ActionSuccessBanner.jsx
FN:5,ActionSuccessBanner
FN:17,onClick
FNF:2
FNH:1
FNDA:2,ActionSuccessBanner
FNDA:0,onClick
DA:1,1
DA:2,1
DA:3,1
DA:5,2
DA:6,2
DA:7,2
DA:9,2
DA:10,2
DA:11,2
DA:12,2
DA:13,2
DA:14,2
DA:15,2
DA:16,2
DA:17,2
DA:18,2
DA:19,2
DA:20,2
DA:21,2
DA:23,2
DA:24,2
DA:26,2
DA:28,1
DA:29,1
DA:30,1
LF:25
LH:25
BRDA:5,0,0,2
BRDA:7,1,0,0
BRDA:20,2,0,0
BRF:3
BRH:1
end_of_record
TN:
SF:src\pages\AI\components\ChatInput.jsx
FN:4,ChatInput2
FN:5,handleKeyDown
FN:19,onChange
FN:26,onInput
FNF:4
FNH:3
FNDA:112,ChatInput2
FNDA:11,handleKeyDown
FNDA:10,onChange
FNDA:0,onInput
DA:1,1
DA:2,1
DA:4,1
DA:5,112
DA:6,11
DA:7,10
DA:8,10
DA:9,10
DA:10,11
DA:12,112
DA:13,112
DA:14,112
DA:15,112
DA:16,112
DA:17,112
DA:18,112
DA:19,112
DA:20,112
DA:21,112
DA:22,112
DA:23,112
DA:24,112
DA:25,112
DA:26,112
DA:27,0
DA:28,0
DA:29,0
DA:30,112
DA:31,112
DA:32,112
DA:33,112
DA:34,112
DA:35,112
DA:37,112
DA:38,112
DA:39,112
DA:40,112
DA:42,112
DA:43,112
DA:45,112
DA:47,1
LF:41
LH:38
BRDA:4,0,0,112
BRDA:21,1,0,3
BRDA:21,2,0,109
BRDA:22,3,0,102
BRDA:34,4,0,10
BRDA:34,5,0,10
BRDA:37,6,0,10
BRDA:37,7,0,102
BRDA:5,8,0,11
BRDA:6,9,0,10
BRDA:19,10,0,10
BRF:11
BRH:11
end_of_record
TN:
SF:src\pages\AI\components\ChatMessage.jsx
FN:6,ChatMessage
FNF:1
FNH:1
FNDA:48,ChatMessage
DA:1,1
DA:2,1
DA:3,1
DA:4,1
DA:6,48
DA:7,48
DA:8,48
DA:9,48
DA:10,48
DA:11,48
DA:12,30
DA:13,18
DA:14,48
DA:16,48
DA:17,18
DA:18,18
DA:19,18
DA:20,18
DA:22,48
DA:24,48
DA:25,10
DA:26,10
DA:27,10
DA:28,10
DA:29,10
DA:30,10
DA:33,48
DA:34,48
DA:35,48
DA:37,48
DA:39,1
DA:40,1
DA:41,1
DA:42,1
DA:43,1
DA:44,1
DA:45,1
DA:46,1
DA:47,1
LF:39
LH:39
BRDA:6,0,0,48
BRDA:8,1,0,30
BRDA:8,2,0,18
BRDA:11,3,0,30
BRDA:12,4,0,18
BRDA:16,5,0,18
BRDA:24,6,0,20
BRDA:24,7,0,10
BRDA:33,8,0,2
BRF:9
BRH:9
end_of_record
TN:
SF:src\pages\AI\components\ChatSidebar.jsx
FN:4,ChatSidebar
FN:17,onClick
FN:29,onClick
FNF:3
FNH:3
FNDA:112,ChatSidebar
FNDA:5,onClick
FNDA:2,onClick
DA:1,1
DA:2,1
DA:4,112
DA:5,112
DA:6,112
DA:7,112
DA:8,112
DA:9,112
DA:10,112
DA:11,112
DA:12,112
DA:13,112
DA:14,112
DA:15,20
DA:16,20
DA:17,20
DA:18,20
DA:19,20
DA:20,4
DA:21,16
DA:22,20
DA:24,20
DA:25,20
DA:26,20
DA:27,20
DA:28,20
DA:29,20
DA:30,20
DA:32,20
DA:33,20
DA:34,20
DA:35,112
DA:36,112
DA:37,92
DA:39,112
DA:40,112
DA:42,112
DA:44,1
DA:45,1
DA:46,1
DA:47,1
DA:48,1
DA:49,1
DA:50,1
LF:44
LH:44
BRDA:4,0,0,112
BRDA:36,1,0,92
BRDA:14,2,0,20
BRDA:19,3,0,4
BRDA:20,4,0,16
BRDA:26,5,0,1
BRDA:17,6,0,5
BRDA:29,7,0,2
BRF:8
BRH:8
end_of_record
TN:
SF:src\pages\AI\components\EmptyChat.jsx
FN:12,EmptyChat
FN:24,onClick
FNF:2
FNH:2
FNDA:77,EmptyChat
FNDA:1,onClick
DA:1,1
DA:2,1
DA:4,1
DA:5,1
DA:6,1
DA:7,1
DA:8,1
DA:9,1
DA:10,1
DA:12,77
DA:13,77
DA:14,77
DA:15,77
DA:16,77
DA:17,77
DA:19,77
DA:20,77
DA:21,77
DA:22,385
DA:23,385
DA:24,385
DA:25,385
DA:26,385
DA:28,385
DA:29,385
DA:30,77
DA:31,77
DA:32,77
DA:34,77
DA:36,1
DA:37,1
DA:38,1
DA:39,1
LF:33
LH:33
BRDA:12,0,0,77
BRDA:21,1,0,385
BRDA:24,2,0,1
BRF:3
BRH:3
end_of_record
TN:
SF:src\pages\Auth\Login.jsx
FN:6,Login
FN:12,handleSubmit
FN:36,onChange
FN:46,onChange
FNF:4
FNH:4
FNDA:16,Login
FNDA:3,handleSubmit
FNDA:2,onChange
FNDA:2,onChange
DA:1,1
DA:2,1
DA:3,1
DA:4,1
DA:6,16
DA:7,16
DA:8,16
DA:9,16
DA:10,16
DA:12,16
DA:13,3
DA:14,3
DA:15,3
DA:16,3
DA:17,1
DA:18,1
DA:19,3
DA:20,2
DA:21,3
DA:22,3
DA:23,3
DA:24,3
DA:26,16
DA:27,16
DA:28,16
DA:29,16
DA:30,16
DA:31,16
DA:32,16
DA:33,16
DA:34,16
DA:35,16
DA:36,16
DA:37,16
DA:38,16
DA:39,16
DA:40,16
DA:41,16
DA:42,16
DA:43,16
DA:44,16
DA:45,16
DA:46,16
DA:47,16
DA:48,16
DA:49,16
DA:50,16
DA:51,16
DA:52,16
DA:54,16
DA:55,16
DA:56,16
DA:57,16
DA:58,16
DA:60,16
DA:61,16
DA:62,16
DA:64,16
LF:58
LH:58
BRDA:6,0,0,16
BRDA:54,1,0,3
BRDA:54,2,0,13
BRDA:12,3,0,3
BRDA:16,4,0,1
BRDA:19,5,0,2
BRDA:20,6,0,1
BRDA:20,7,0,1
BRDA:36,8,0,2
BRDA:46,9,0,2
BRF:10
BRH:10
end_of_record
TN:
SF:src\pages\Auth\Register.jsx
FN:6,Register
FN:19,handleSubmit
FN:43,field
FN:51,onChange
FNF:4
FNH:4
FNDA:24,Register
FNDA:4,handleSubmit
FNDA:144,field
FNDA:12,onChange
DA:1,1
DA:2,1
DA:3,1
DA:4,1
DA:6,24
DA:7,24
DA:8,24
DA:9,24
DA:10,24
DA:11,24
DA:12,24
DA:13,24
DA:14,24
DA:15,24
DA:16,24
DA:17,24
DA:19,24
DA:20,4
DA:21,4
DA:22,1
DA:23,1
DA:24,1
DA:25,3
DA:26,3
DA:27,3
DA:28,1
DA:29,1
DA:30,4
DA:31,2
DA:32,2
DA:33,1
DA:34,1
DA:35,1
DA:36,1
DA:37,1
DA:38,4
DA:39,3
DA:40,3
DA:41,4
DA:43,24
DA:44,144
DA:45,144
DA:46,144
DA:47,144
DA:48,144
DA:49,144
DA:50,144
DA:51,144
DA:52,144
DA:53,144
DA:56,24
DA:57,24
DA:58,24
DA:59,24
DA:60,24
DA:61,24
DA:62,24
DA:63,24
DA:64,24
DA:65,24
DA:66,24
DA:67,24
DA:68,24
DA:69,24
DA:70,24
DA:72,24
DA:73,24
DA:74,24
DA:75,24
DA:76,24
DA:78,24
DA:79,24
DA:80,24
DA:82,24
LF:74
LH:74
BRDA:6,0,0,24
BRDA:72,1,0,3
BRDA:72,2,0,21
BRDA:19,3,0,4
BRDA:21,4,0,1
BRDA:24,5,0,3
BRDA:27,6,0,1
BRDA:30,7,0,2
BRDA:31,8,0,1
BRDA:32,9,0,1
BRDA:32,10,0,1
BRDA:38,11,0,3
BRDA:43,12,0,144
BRDA:51,13,0,12
BRF:14
BRH:14
end_of_record
TN:
SF:src\pages\Customers\Index.jsx
FN:14,emptyForm
FN:37,handleExport
FN:46,handleTemplateDownload
FN:55,getTypeName
FN:57,Customers
FN:95,openCreate
FN:96,openEdit
FN:101,handleSave
FN:114,handleDelete
FN:120,handleImport
FN:141,onChange
FN:142,onChange
FN:143,onChange
FN:150,onPageChange
FN:152,onClose
FN:156,onClose
FN:162,onClick
FN:171,onClose
FN:172,onClose
FNF:19
FNH:4
FNDA:21,emptyForm
FNDA:0,handleExport
FNDA:0,handleTemplateDownload
FNDA:16,getTypeName
FNDA:20,Customers
FNDA:1,openCreate
FNDA:0,openEdit
FNDA:0,handleSave
FNDA:0,handleDelete
FNDA:0,handleImport
FNDA:0,onChange
FNDA:0,onChange
FNDA:0,onChange
FNDA:0,onPageChange
FNDA:0,onClose
FNDA:0,onClose
FNDA:0,onClick
FNDA:0,onClose
FNDA:0,onClose
DA:1,1
DA:2,1
DA:3,1
DA:4,1
DA:5,1
DA:6,1
DA:7,1
DA:8,1
DA:9,1
DA:10,1
DA:11,1
DA:12,1
DA:14,21
DA:15,21
DA:16,21
DA:17,21
DA:18,21
DA:19,21
DA:20,21
DA:21,21
DA:22,21
DA:23,21
DA:24,21
DA:25,21
DA:26,21
DA:27,21
DA:28,21
DA:29,21
DA:30,21
DA:31,21
DA:32,21
DA:33,21
DA:34,21
DA:35,21
DA:37,0
DA:38,0
DA:39,0
DA:40,0
DA:41,0
DA:42,0
DA:43,0
DA:44,0
DA:46,0
DA:47,0
DA:48,0
DA:49,0
DA:50,0
DA:51,0
DA:52,0
DA:53,0
DA:55,16
DA:57,20
DA:58,20
DA:59,20
DA:60,20
DA:61,20
DA:62,20
DA:63,20
DA:64,20
DA:65,20
DA:66,20
DA:67,20
DA:68,20
DA:69,20
DA:70,20
DA:71,20
DA:72,20
DA:73,20
DA:74,20
DA:76,20
DA:77,10
DA:78,20
DA:80,20
DA:81,10
DA:82,10
DA:83,10
DA:84,10
DA:85,10
DA:86,10
DA:87,10
DA:88,10
DA:89,10
DA:90,9
DA:91,20
DA:93,20
DA:95,20
DA:96,20
DA:97,0
DA:98,0
DA:99,0
DA:101,20
DA:102,0
DA:103,0
DA:104,0
DA:105,0
DA:106,0
DA:107,0
DA:108,0
DA:109,0
DA:110,0
DA:111,0
DA:112,0
DA:114,20
DA:115,0
DA:116,0
DA:117,0
DA:118,0
DA:120,20
DA:121,0
DA:122,0
DA:123,0
DA:124,0
DA:125,0
DA:126,0
DA:127,0
DA:128,0
DA:129,0
DA:131,20
DA:132,20
DA:133,20
DA:134,20
DA:135,20
DA:136,20
DA:138,20
DA:140,20
DA:141,20
DA:142,20
DA:143,20
DA:144,20
DA:145,20
DA:146,20
DA:147,20
DA:149,20
DA:150,20
DA:152,20
DA:154,20
DA:155,1
DA:156,1
DA:157,1
DA:158,1
DA:159,1
DA:160,1
DA:161,1
DA:162,2
DA:163,2
DA:164,2
DA:165,2
DA:166,2
DA:167,1
DA:168,1
DA:170,1
DA:171,1
DA:172,0
DA:174,1
DA:176,20
DA:178,20
LF:156
LH:112
BRDA:14,0,0,21
BRDA:55,1,0,16
BRDA:55,2,0,0
BRDA:57,3,0,20
BRDA:152,4,0,0
BRDA:154,5,0,1
BRDA:157,6,0,0
BRDA:171,7,0,0
BRDA:76,8,0,10
BRDA:77,9,0,10
BRDA:80,10,0,10
BRDA:84,11,0,0
BRDA:85,12,0,0
BRDA:86,13,0,8
BRDA:87,14,0,0
BRDA:88,15,0,1
BRDA:88,16,0,1
BRDA:89,17,0,1
BRDA:89,18,0,9
BRDA:93,19,0,10
BRDA:95,20,0,1
BRDA:161,21,0,2
BRDA:164,22,0,1
BRDA:164,23,0,1
BRDA:165,24,0,1
BRDA:165,25,0,1
BRF:26
BRH:19
end_of_record
TN:
SF:src\pages\Customers\components\CustomerDetail.jsx
FN:6,CustomerDetail
FNF:1
FNH:0
FNDA:0,CustomerDetail
DA:1,1
DA:2,1
DA:3,1
DA:4,1
DA:6,0
DA:7,0
DA:8,0
DA:9,0
DA:10,0
DA:11,0
DA:12,0
DA:13,0
DA:14,0
DA:15,0
DA:16,0
DA:17,0
DA:18,0
DA:19,0
DA:20,0
DA:21,0
DA:22,0
DA:23,0
DA:24,0
DA:25,0
DA:26,0
DA:27,0
DA:28,0
DA:29,0
DA:30,0
DA:31,0
DA:32,0
DA:33,0
DA:34,0
DA:35,0
DA:36,0
DA:37,0
DA:39,0
DA:41,1
DA:42,1
DA:43,1
DA:44,1
DA:45,1
DA:46,1
DA:47,1
LF:44
LH:11
BRF:0
BRH:0
end_of_record
TN:
SF:src\pages\Customers\components\CustomerForm.jsx
FN:5,CustomerForm
FN:9,onChange
FN:10,onChange
FN:11,onChange
FN:12,onChange
FN:13,onChange
FN:14,onChange
FN:16,onChange
FN:17,onChange
FN:19,onChange
FN:20,onChange
FN:21,onChange
FN:24,onChange
FN:25,onChange
FN:33,onChange
FN:45,onChange
FNF:16
FNH:1
FNDA:1,CustomerForm
FNDA:0,onChange
FNDA:0,onChange
FNDA:0,onChange
FNDA:0,onChange
FNDA:0,onChange
FNDA:0,onChange
FNDA:0,onChange
FNDA:0,onChange
FNDA:0,onChange
FNDA:0,onChange
FNDA:0,onChange
FNDA:0,onChange
FNDA:0,onChange
FNDA:0,onChange
FNDA:0,onChange
DA:1,1
DA:2,1
DA:3,1
DA:5,1
DA:6,1
DA:7,1
DA:8,1
DA:9,1
DA:10,1
DA:11,1
DA:12,1
DA:13,1
DA:14,1
DA:15,1
DA:16,1
DA:17,1
DA:18,1
DA:19,1
DA:20,1
DA:21,1
DA:22,1
DA:23,1
DA:24,1
DA:25,1
DA:26,1
DA:27,1
DA:28,1
DA:29,1
DA:30,1
DA:31,1
DA:32,1
DA:33,1
DA:35,1
DA:36,1
DA:37,0
DA:38,1
DA:39,1
DA:40,1
DA:41,1
DA:42,1
DA:43,1
DA:44,1
DA:45,1
DA:46,1
DA:47,1
DA:48,1
DA:49,1
DA:50,1
DA:51,1
DA:52,1
DA:53,1
DA:54,1
DA:55,1
DA:56,1
DA:57,1
DA:59,1
DA:61,1
DA:62,1
DA:63,1
DA:64,1
DA:65,1
DA:66,1
DA:67,1
DA:68,1
DA:69,1
LF:65
LH:64
BRDA:5,0,0,1
BRDA:54,1,0,0
BRDA:54,2,0,0
BRF:3
BRH:1
end_of_record
TN:
SF:src\pages\Customers\components\CustomerImport.jsx
FN:5,CustomerImport
FNF:1
FNH:0
FNDA:0,CustomerImport
DA:1,1
DA:2,1
DA:3,1
DA:5,0
DA:6,0
DA:7,0
DA:8,0
DA:9,0
DA:10,0
DA:11,0
DA:12,0
DA:13,0
DA:14,0
DA:15,0
DA:16,0
DA:17,0
DA:18,0
DA:19,0
DA:20,0
DA:21,0
DA:23,0
DA:24,0
DA:25,0
DA:26,0
DA:27,0
DA:28,0
DA:29,0
DA:30,0
DA:32,0
DA:34,1
DA:35,1
DA:36,1
DA:37,1
DA:38,1
DA:39,1
DA:40,1
DA:41,1
LF:37
LH:11
BRF:0
BRH:0
end_of_record
TN:
SF:src\pages\Customers\components\CustomerStats.jsx
FN:5,CustomerStats
FNF:1
FNH:1
FNDA:20,CustomerStats
DA:1,1
DA:2,1
DA:3,1
DA:5,20
DA:6,20
DA:7,20
DA:8,20
DA:9,20
DA:10,20
DA:11,20
DA:13,20
DA:14,20
DA:15,20
DA:16,80
DA:17,20
DA:18,20
DA:20,20
DA:22,1
DA:23,1
DA:24,1
LF:20
LH:20
BRDA:5,0,0,20
BRDA:8,1,0,16
BRDA:9,2,0,16
BRDA:10,3,0,16
BRDA:15,4,0,80
BRF:5
BRH:5
end_of_record
TN:
SF:src\pages\Customers\components\CustomerTable.jsx
FN:6,CustomerTable
FN:31,onClick
FN:46,onClick
FN:49,onClick
FN:59,onPrev
FN:59,onNext
FNF:6
FNH:1
FNDA:20,CustomerTable
FNDA:0,onClick
FNDA:0,onClick
FNDA:0,onClick
FNDA:0,onPrev
FNDA:0,onNext
DA:1,1
DA:2,1
DA:3,1
DA:4,1
DA:6,20
DA:7,20
DA:8,20
DA:9,20
DA:10,20
DA:11,20
DA:12,20
DA:13,20
DA:14,20
DA:15,20
DA:16,20
DA:17,20
DA:18,20
DA:19,20
DA:20,20
DA:21,20
DA:22,20
DA:23,20
DA:24,20
DA:25,10
DA:26,10
DA:27,20
DA:28,2
DA:29,2
DA:30,8
DA:31,16
DA:32,16
DA:33,16
DA:34,16
DA:35,16
DA:36,16
DA:37,16
DA:38,16
DA:39,16
DA:40,16
DA:41,16
DA:42,16
DA:43,16
DA:44,16
DA:45,16
DA:46,16
DA:47,16
DA:48,16
DA:49,16
DA:50,16
DA:51,16
DA:52,16
DA:53,16
DA:54,8
DA:55,20
DA:56,20
DA:57,20
DA:58,20
DA:59,20
DA:60,20
DA:62,20
DA:64,1
DA:65,1
DA:66,1
DA:67,1
DA:68,1
DA:69,1
DA:70,1
DA:71,1
DA:72,1
DA:73,1
DA:74,1
LF:71
LH:71
BRDA:6,0,0,20
BRDA:23,1,0,20
BRDA:24,2,0,10
BRDA:27,3,0,2
BRDA:29,4,0,8
BRDA:30,5,0,16
BRDA:37,6,0,8
BRDA:38,7,0,8
BRDA:40,8,0,0
BRDA:43,9,0,8
BRDA:43,10,0,8
BRDA:43,11,0,8
BRDA:43,12,0,8
BRF:13
BRH:12
end_of_record
TN:
SF:src\pages\Dashboard\Index.jsx
FN:19,Dashboard
FNF:1
FNH:1
FNDA:15,Dashboard
DA:1,1
DA:2,1
DA:3,1
DA:4,1
DA:5,1
DA:6,1
DA:7,1
DA:11,1
DA:12,1
DA:13,1
DA:14,1
DA:15,1
DA:17,1
DA:19,15
DA:20,15
DA:21,15
DA:22,15
DA:23,15
DA:25,15
DA:26,8
DA:27,6
DA:28,6
DA:29,8
DA:30,15
DA:32,15
DA:34,15
DA:35,1
DA:36,1
DA:38,6
DA:40,6
DA:41,6
DA:42,6
DA:43,6
DA:44,6
DA:45,6
DA:47,6
DA:48,6
DA:49,6
DA:50,6
DA:52,6
DA:53,0
DA:54,6
DA:56,15
DA:57,15
DA:58,15
DA:59,15
DA:60,15
DA:61,15
DA:63,15
DA:64,15
DA:65,24
DA:66,15
DA:67,15
DA:70,15
DA:71,15
DA:72,15
DA:73,15
DA:74,15
DA:75,15
DA:76,15
DA:77,15
DA:78,15
DA:79,15
DA:80,15
DA:81,15
DA:82,15
DA:83,15
DA:84,15
DA:85,15
DA:87,15
DA:88,15
DA:89,15
DA:90,15
DA:91,15
DA:92,15
DA:93,12
DA:94,15
DA:95,15
DA:96,15
DA:97,15
DA:98,15
DA:99,15
DA:100,15
DA:101,15
DA:104,15
DA:105,15
DA:106,15
DA:107,15
DA:108,15
DA:109,15
DA:110,15
DA:111,15
DA:112,15
DA:113,15
DA:114,15
DA:115,15
DA:116,15
DA:117,15
DA:118,15
DA:119,6
DA:120,6
DA:121,6
DA:122,6
DA:123,6
DA:124,6
DA:125,6
DA:126,6
DA:127,15
DA:128,15
DA:129,0
DA:131,15
DA:132,15
DA:133,15
DA:134,15
DA:136,15
DA:137,15
DA:138,15
DA:139,15
DA:140,6
DA:141,6
DA:142,6
DA:143,6
DA:144,6
DA:145,6
DA:146,6
DA:147,6
DA:148,6
DA:149,6
DA:150,15
DA:151,15
DA:152,0
DA:153,0
DA:154,0
DA:155,0
DA:157,15
DA:158,15
DA:159,15
DA:161,15
DA:162,15
DA:164,15
LF:140
LH:134
BRDA:19,0,0,15
BRDA:32,1,0,8
BRDA:32,2,0,7
BRDA:34,3,0,1
BRDA:36,4,0,6
BRDA:52,5,0,0
BRDA:53,6,0,6
BRDA:75,7,0,0
BRDA:75,8,0,6
BRDA:76,9,0,0
BRDA:76,10,0,6
BRDA:77,11,0,0
BRDA:77,12,0,6
BRDA:78,13,0,0
BRDA:78,14,0,6
BRDA:128,15,0,0
BRDA:151,16,0,0
BRDA:25,17,0,8
BRDA:26,18,0,6
BRDA:29,19,0,1
BRDA:64,20,0,24
BRDA:92,21,0,12
BRDA:118,22,0,6
BRDA:139,23,0,6
BRDA:148,24,0,0
BRF:25
BRH:17
end_of_record
TN:
SF:src\pages\Deliveries\Index.jsx
FN:11,Deliveries
FN:30,openDialog
FN:35,handleSuccess
FN:46,onClick
FN:50,onChange
FN:62,onEdit
FN:70,onClose
FNF:7
FNH:3
FNDA:18,Deliveries
FNDA:1,openDialog
FNDA:0,handleSuccess
FNDA:1,onClick
FNDA:0,onChange
FNDA:0,onEdit
FNDA:0,onClose
DA:1,1
DA:2,1
DA:3,1
DA:4,1
DA:5,1
DA:6,1
DA:7,1
DA:8,1
DA:9,1
DA:11,18
DA:12,18
DA:13,18
DA:14,18
DA:15,18
DA:16,18
DA:18,18
DA:19,9
DA:20,9
DA:21,9
DA:22,9
DA:23,9
DA:24,9
DA:25,8
DA:26,18
DA:28,18
DA:30,18
DA:31,1
DA:32,1
DA:33,1
DA:35,18
DA:36,0
DA:37,0
DA:38,0
DA:39,0
DA:41,18
DA:43,9
DA:44,9
DA:45,9
DA:46,9
DA:47,9
DA:49,9
DA:50,9
DA:51,9
DA:52,9
DA:53,9
DA:54,9
DA:55,9
DA:56,9
DA:57,9
DA:58,9
DA:60,9
DA:61,9
DA:62,2
DA:63,9
DA:64,18
DA:65,18
DA:67,18
DA:68,1
DA:69,1
DA:70,1
DA:71,1
DA:72,1
DA:74,18
DA:76,18
LF:64
LH:60
BRDA:11,0,0,18
BRDA:41,1,0,9
BRDA:64,2,0,7
BRDA:67,3,0,1
BRDA:18,4,0,9
BRDA:21,5,0,0
BRDA:22,6,0,7
BRDA:23,7,0,0
BRDA:24,8,0,1
BRDA:24,9,0,8
BRDA:28,10,0,9
BRDA:30,11,0,1
BRDA:46,12,0,1
BRDA:61,13,0,2
BRF:14
BRH:12
end_of_record
TN:
SF:src\pages\Deliveries\components\DeliveryCard.jsx
FN:7,DeliveryCard
FNF:1
FNH:1
FNDA:2,DeliveryCard
DA:1,1
DA:2,1
DA:3,1
DA:4,1
DA:5,1
DA:7,2
DA:8,2
DA:9,2
DA:10,2
DA:11,2
DA:12,2
DA:13,2
DA:14,2
DA:15,2
DA:16,2
DA:17,2
DA:18,2
DA:19,2
DA:20,2
DA:22,2
DA:23,2
DA:24,2
DA:26,2
DA:27,2
DA:29,2
DA:30,2
DA:31,2
DA:33,2
DA:34,2
DA:35,2
DA:37,2
DA:38,2
DA:39,2
DA:41,2
DA:43,1
DA:44,1
DA:45,1
DA:46,1
LF:38
LH:38
BRDA:7,0,0,2
BRDA:14,1,0,0
BRDA:27,2,0,0
BRDA:29,3,0,0
BRF:4
BRH:1
end_of_record
TN:
SF:src\pages\Deliveries\components\DeliveryFormModal.jsx
FN:21,DeliveryFormModal
FN:28,loadOrders
FN:40,handleChange
FN:44,handleSave
FN:79,onChange
FN:89,onChange
FN:95,onChange
FN:106,onChange
FN:107,onChange
FN:111,onChange
FN:112,onChange
FN:121,onChange
FNF:12
FNH:2
FNDA:2,DeliveryFormModal
FNDA:1,loadOrders
FNDA:0,handleChange
FNDA:0,handleSave
FNDA:0,onChange
FNDA:0,onChange
FNDA:0,onChange
FNDA:0,onChange
FNDA:0,onChange
FNDA:0,onChange
FNDA:0,onChange
FNDA:0,onChange
DA:1,1
DA:2,1
DA:3,1
DA:4,1
DA:5,1
DA:6,1
DA:7,1
DA:9,1
DA:10,1
DA:11,1
DA:12,1
DA:13,1
DA:14,1
DA:15,1
DA:16,1
DA:17,1
DA:18,1
DA:19,1
DA:21,2
DA:22,2
DA:23,2
DA:24,2
DA:26,2
DA:27,1
DA:28,1
DA:29,1
DA:30,1
DA:31,1
DA:32,1
DA:33,0
DA:34,0
DA:35,1
DA:36,1
DA:37,1
DA:38,2
DA:40,2
DA:41,0
DA:42,0
DA:44,2
DA:45,0
DA:46,0
DA:47,0
DA:48,0
DA:49,0
DA:50,0
DA:51,0
DA:52,0
DA:53,0
DA:54,0
DA:55,0
DA:56,0
DA:57,0
DA:58,0
DA:59,0
DA:60,0
DA:61,0
DA:63,2
DA:64,2
DA:66,2
DA:67,2
DA:68,2
DA:69,2
DA:70,2
DA:72,2
DA:73,2
DA:74,2
DA:75,2
DA:76,2
DA:77,2
DA:78,2
DA:79,2
DA:81,2
DA:82,2
DA:83,0
DA:84,2
DA:85,2
DA:86,2
DA:88,2
DA:89,2
DA:90,2
DA:91,2
DA:92,2
DA:93,2
DA:94,2
DA:95,2
DA:97,2
DA:98,2
DA:99,2
DA:100,2
DA:101,2
DA:102,2
DA:103,2
DA:105,2
DA:106,2
DA:107,2
DA:108,2
DA:110,2
DA:111,2
DA:112,2
DA:113,2
DA:115,2
DA:116,2
DA:117,2
DA:118,2
DA:119,2
DA:120,2
DA:121,2
DA:122,2
DA:123,2
DA:125,2
DA:126,2
DA:127,2
DA:128,2
DA:129,2
DA:130,2
DA:132,2
DA:134,1
DA:135,1
DA:136,1
DA:137,1
DA:138,1
LF:121
LH:99
BRDA:21,0,0,2
BRDA:63,1,0,0
BRDA:64,2,0,0
BRDA:127,3,0,0
BRDA:26,4,0,1
BRDA:28,5,0,1
BRDA:31,6,0,0
BRDA:31,7,0,0
BRDA:32,8,0,0
BRDA:37,9,0,1
BRF:10
BRH:4
end_of_record
TN:
SF:src\pages\Documents\Index.jsx
FN:18,Documents
FN:30,loadDocuments
FN:40,handleUpload
FN:54,handleDelete
FN:65,onClick
FN:69,onChange
FN:92,onClick
FN:106,onClose
FN:110,onChange
FN:112,onChange
FN:115,onChange
FN:121,onChange
FN:124,onClick
FNF:13
FNH:2
FNDA:9,Documents
FNDA:10,loadDocuments
FNDA:0,handleUpload
FNDA:0,handleDelete
FNDA:0,onClick
FNDA:0,onChange
FNDA:0,onClick
FNDA:0,onClose
FNDA:0,onChange
FNDA:0,onChange
FNDA:0,onChange
FNDA:0,onChange
FNDA:0,onClick
DA:1,1
DA:2,1
DA:3,1
DA:4,1
DA:5,1
DA:6,1
DA:7,1
DA:8,1
DA:10,1
DA:11,1
DA:12,1
DA:13,1
DA:14,1
DA:15,1
DA:16,1
DA:18,9
DA:19,9
DA:20,9
DA:21,9
DA:22,9
DA:23,9
DA:24,9
DA:25,9
DA:27,9
DA:28,9
DA:30,9
DA:31,10
DA:32,10
DA:33,10
DA:34,10
DA:35,10
DA:36,10
DA:37,8
DA:38,10
DA:40,9
DA:41,0
DA:42,0
DA:43,0
DA:44,0
DA:45,0
DA:46,0
DA:47,0
DA:48,0
DA:49,0
DA:50,0
DA:51,0
DA:52,0
DA:54,9
DA:55,0
DA:56,0
DA:57,0
DA:58,0
DA:60,9
DA:62,4
DA:63,4
DA:64,4
DA:65,4
DA:66,4
DA:68,4
DA:69,4
DA:70,4
DA:71,4
DA:72,4
DA:74,4
DA:75,4
DA:76,1
DA:77,1
DA:78,1
DA:79,1
DA:80,1
DA:81,1
DA:82,1
DA:83,1
DA:84,1
DA:85,1
DA:86,1
DA:87,1
DA:88,1
DA:89,1
DA:90,1
DA:91,1
DA:92,1
DA:93,1
DA:94,1
DA:95,1
DA:96,4
DA:97,4
DA:98,3
DA:99,3
DA:100,3
DA:102,9
DA:104,9
DA:105,0
DA:106,0
DA:107,0
DA:108,0
DA:109,0
DA:110,0
DA:111,0
DA:112,0
DA:113,0
DA:114,0
DA:115,0
DA:116,0
DA:117,0
DA:118,0
DA:119,0
DA:120,0
DA:121,0
DA:122,0
DA:123,0
DA:124,0
DA:125,0
DA:126,0
DA:127,0
DA:128,0
DA:130,9
DA:132,9
LF:118
LH:78
BRDA:18,0,0,9
BRDA:60,1,0,5
BRDA:60,2,0,4
BRDA:97,3,0,3
BRDA:104,4,0,0
BRDA:27,5,0,5
BRDA:28,6,0,5
BRDA:30,7,0,10
BRDA:33,8,0,0
BRDA:34,9,0,6
BRDA:35,10,0,0
BRDA:36,11,0,2
BRDA:36,12,0,8
BRDA:70,13,0,20
BRDA:75,14,0,1
BRDA:87,15,0,0
BRF:16
BRH:12
end_of_record
TN:
SF:src\pages\Inventory\Index.jsx
FN:22,Inventory
FN:37,loadAll
FN:52,openDialog
FN:61,handleSave
FN:72,handleDelete
FN:82,getDialogType
FN:89,getButtonLabel
FN:97,onClick
FN:104,onClick
FN:121,onClose
FN:124,onClose
FNF:11
FNH:7
FNDA:28,Inventory
FNDA:11,loadAll
FNDA:1,openDialog
FNDA:0,handleSave
FNDA:0,handleDelete
FNDA:1,getDialogType
FNDA:17,getButtonLabel
FNDA:1,onClick
FNDA:6,onClick
FNDA:0,onClose
FNDA:0,onClose
DA:1,1
DA:2,1
DA:3,1
DA:4,1
DA:5,1
DA:6,1
DA:7,1
DA:8,1
DA:9,1
DA:10,1
DA:11,1
DA:12,1
DA:13,1
DA:15,1
DA:16,1
DA:17,1
DA:18,1
DA:19,1
DA:20,1
DA:22,28
DA:23,28
DA:24,28
DA:25,28
DA:26,28
DA:27,28
DA:28,28
DA:29,28
DA:30,28
DA:31,28
DA:32,28
DA:33,28
DA:35,28
DA:37,28
DA:38,11
DA:39,11
DA:40,11
DA:41,11
DA:42,11
DA:43,11
DA:44,11
DA:45,11
DA:46,11
DA:47,11
DA:48,11
DA:49,10
DA:50,11
DA:52,28
DA:53,1
DA:54,1
DA:55,0
DA:56,0
DA:57,0
DA:58,1
DA:59,1
DA:61,28
DA:62,0
DA:63,0
DA:64,0
DA:65,0
DA:66,0
DA:67,0
DA:68,0
DA:69,0
DA:70,0
DA:72,28
DA:73,0
DA:74,0
DA:75,0
DA:76,0
DA:77,0
DA:78,0
DA:80,28
DA:82,17
DA:83,1
DA:84,1
DA:85,0
DA:86,0
DA:87,1
DA:89,17
DA:90,17
DA:91,15
DA:92,17
DA:94,17
DA:95,17
DA:96,17
DA:97,17
DA:98,17
DA:99,17
DA:100,17
DA:102,17
DA:103,17
DA:104,68
DA:105,68
DA:106,68
DA:107,68
DA:108,68
DA:109,17
DA:110,17
DA:112,17
DA:113,28
DA:114,28
DA:115,28
DA:116,28
DA:117,28
DA:119,28
DA:120,1
DA:121,1
DA:122,1
DA:123,1
DA:124,1
DA:125,1
DA:127,28
DA:129,28
LF:113
LH:93
BRDA:22,0,0,28
BRDA:80,1,0,11
BRDA:80,2,0,17
BRDA:113,3,0,11
BRDA:114,4,0,2
BRDA:115,5,0,2
BRDA:116,6,0,2
BRDA:119,7,0,1
BRDA:122,8,0,0
BRDA:35,9,0,11
BRDA:37,10,0,11
BRDA:43,11,0,9
BRDA:44,12,0,0
BRDA:45,13,0,9
BRDA:45,14,0,0
BRDA:46,15,0,9
BRDA:46,16,0,0
BRDA:47,17,0,9
BRDA:47,18,0,0
BRDA:48,19,0,1
BRDA:48,20,0,10
BRDA:52,21,0,1
BRDA:53,22,0,0
BRDA:54,23,0,0
BRDA:82,24,0,1
BRDA:83,25,0,0
BRDA:84,26,0,0
BRDA:89,27,0,17
BRDA:90,28,0,2
BRDA:90,29,0,15
BRDA:97,30,0,1
BRDA:103,31,0,68
BRDA:106,32,0,17
BRDA:106,33,0,51
BRDA:104,34,0,6
BRF:35
BRH:26
end_of_record
TN:
SF:src\pages\Inventory\components\CategoriesTable.jsx
FN:4,CategoriesTable
FN:20,onClick
FN:21,onClick
FNF:3
FNH:1
FNDA:2,CategoriesTable
FNDA:0,onClick
FNDA:0,onClick
DA:1,1
DA:2,1
DA:4,2
DA:5,2
DA:6,2
DA:7,2
DA:8,2
DA:9,2
DA:10,2
DA:11,2
DA:12,2
DA:13,2
DA:14,2
DA:15,2
DA:16,1
DA:17,1
DA:18,1
DA:19,1
DA:20,1
DA:21,1
DA:22,1
DA:23,1
DA:24,2
DA:25,2
DA:26,2
DA:27,2
DA:29,2
DA:31,1
DA:32,1
DA:33,1
DA:34,1
DA:35,1
LF:32
LH:32
BRDA:4,0,0,2
BRDA:25,1,0,1
BRDA:15,2,0,1
BRDA:18,3,0,0
BRF:4
BRH:3
end_of_record
TN:
SF:src\pages\Inventory\components\ChemicalsTable.jsx
FN:5,ChemicalsTable
FN:32,onClick
FN:33,onClick
FNF:3
FNH:1
FNDA:11,ChemicalsTable
FNDA:0,onClick
FNDA:0,onClick
DA:1,1
DA:2,1
DA:3,1
DA:5,11
DA:6,11
DA:7,11
DA:8,11
DA:9,11
DA:10,11
DA:11,11
DA:12,11
DA:13,11
DA:14,11
DA:15,11
DA:16,11
DA:17,11
DA:18,11
DA:19,11
DA:20,9
DA:21,9
DA:22,9
DA:23,9
DA:24,9
DA:25,9
DA:26,9
DA:27,9
DA:28,9
DA:29,9
DA:30,9
DA:31,9
DA:32,9
DA:33,9
DA:34,9
DA:35,9
DA:36,11
DA:37,11
DA:38,11
DA:39,11
DA:41,11
DA:43,1
DA:44,1
DA:45,1
DA:46,1
DA:47,1
LF:44
LH:44
BRDA:5,0,0,11
BRDA:37,1,0,2
BRDA:19,2,0,9
BRDA:23,3,0,0
BRDA:28,4,0,0
BRF:5
BRH:3
end_of_record
TN:
SF:src\pages\Inventory\components\InventoryForm.jsx
FN:5,InventoryForm
FN:10,onChange
FN:11,onChange
FN:14,onChange
FN:20,onChange
FN:21,onChange
FN:22,onChange
FN:25,onChange
FN:26,onChange
FN:27,onChange
FN:33,onChange
FN:34,onChange
FN:39,onChange
FN:41,onChange
FN:42,onChange
FN:44,onChange
FN:45,onChange
FN:46,onChange
FN:53,onChange
FN:60,onChange
FN:67,onChange
FN:68,onChange
FN:72,onChange
FN:77,onChange
FNF:24
FNH:1
FNDA:1,InventoryForm
FNDA:0,onChange
FNDA:0,onChange
FNDA:0,onChange
FNDA:0,onChange
FNDA:0,onChange
FNDA:0,onChange
FNDA:0,onChange
FNDA:0,onChange
FNDA:0,onChange
FNDA:0,onChange
FNDA:0,onChange
FNDA:0,onChange
FNDA:0,onChange
FNDA:0,onChange
FNDA:0,onChange
FNDA:0,onChange
FNDA:0,onChange
FNDA:0,onChange
FNDA:0,onChange
FNDA:0,onChange
FNDA:0,onChange
FNDA:0,onChange
FNDA:0,onChange
DA:1,1
DA:2,1
DA:3,1
DA:5,1
DA:6,1
DA:7,1
DA:8,1
DA:9,1
DA:10,1
DA:11,1
DA:12,1
DA:13,1
DA:14,1
DA:15,1
DA:16,1
DA:17,1
DA:18,1
DA:19,1
DA:20,1
DA:21,1
DA:22,1
DA:23,1
DA:24,1
DA:25,1
DA:26,1
DA:27,1
DA:28,1
DA:29,1
DA:31,1
DA:32,0
DA:33,0
DA:34,0
DA:35,0
DA:37,1
DA:38,0
DA:39,0
DA:40,0
DA:41,0
DA:42,0
DA:43,0
DA:44,0
DA:45,0
DA:46,0
DA:47,0
DA:49,1
DA:50,0
DA:51,0
DA:52,0
DA:53,0
DA:54,0
DA:55,0
DA:56,0
DA:57,0
DA:58,0
DA:59,0
DA:60,0
DA:61,0
DA:62,0
DA:63,0
DA:64,0
DA:65,0
DA:66,0
DA:67,0
DA:68,0
DA:69,0
DA:70,0
DA:71,0
DA:72,0
DA:73,0
DA:74,0
DA:75,0
DA:76,0
DA:77,0
DA:78,0
DA:80,1
DA:81,1
DA:82,1
DA:83,1
DA:84,1
DA:86,1
DA:88,1
DA:89,1
DA:90,1
DA:91,1
DA:92,1
DA:93,1
DA:94,1
DA:95,1
DA:96,1
DA:97,1
DA:98,1
LF:91
LH:48
BRDA:5,0,0,1
BRDA:31,1,0,0
BRDA:37,2,0,0
BRDA:49,3,0,0
BRDA:82,4,0,0
BRDA:82,5,0,0
BRF:6
BRH:1
end_of_record
TN:
SF:src\pages\Inventory\components\StockEntriesTable.jsx
FN:7,StockEntriesTable
FN:29,onClick
FNF:2
FNH:1
FNDA:2,StockEntriesTable
FNDA:0,onClick
DA:1,1
DA:2,1
DA:3,1
DA:4,1
DA:5,1
DA:7,2
DA:8,2
DA:9,2
DA:10,2
DA:11,2
DA:12,2
DA:13,2
DA:14,2
DA:15,2
DA:16,2
DA:17,2
DA:18,2
DA:19,2
DA:20,2
DA:21,2
DA:22,1
DA:23,1
DA:24,1
DA:25,1
DA:26,1
DA:27,1
DA:28,1
DA:29,1
DA:30,1
DA:31,1
DA:32,2
DA:33,2
DA:34,2
DA:35,2
DA:37,2
DA:39,1
DA:40,1
DA:41,1
DA:42,1
LF:39
LH:39
BRDA:7,0,0,2
BRDA:33,1,0,1
BRDA:21,2,0,1
BRDA:26,3,0,0
BRDA:27,4,0,0
BRF:5
BRH:3
end_of_record
TN:
SF:src\pages\Inventory\components\VendorsTable.jsx
FN:4,VendorsTable
FN:24,onClick
FN:25,onClick
FNF:3
FNH:1
FNDA:2,VendorsTable
FNDA:0,onClick
FNDA:0,onClick
DA:1,1
DA:2,1
DA:4,2
DA:5,2
DA:6,2
DA:7,2
DA:8,2
DA:9,2
DA:10,2
DA:11,2
DA:12,2
DA:13,2
DA:14,2
DA:15,2
DA:16,2
DA:17,2
DA:18,1
DA:19,1
DA:20,1
DA:21,1
DA:22,1
DA:23,1
DA:24,1
DA:25,1
DA:26,1
DA:27,1
DA:28,2
DA:29,2
DA:30,2
DA:31,2
DA:33,2
DA:35,1
DA:36,1
DA:37,1
DA:38,1
DA:39,1
LF:36
LH:36
BRDA:4,0,0,2
BRDA:29,1,0,1
BRDA:17,2,0,1
BRDA:20,3,0,0
BRDA:21,4,0,0
BRDA:22,5,0,0
BRF:6
BRH:3
end_of_record
TN:
SF:src\pages\Messaging\Index.jsx
FN:12,Messaging
FN:23,loadMessages
FN:32,viewMessage
FN:43,openCompose
FN:49,handleSend
FN:82,onClick
FN:143,onClose
FN:146,onChange
FN:148,onChange
FN:153,onChange
FN:156,onClick
FNF:11
FNH:5
FNDA:19,Messaging
FNDA:9,loadMessages
FNDA:1,viewMessage
FNDA:1,openCompose
FNDA:0,handleSend
FNDA:1,onClick
FNDA:0,onClose
FNDA:0,onChange
FNDA:0,onChange
FNDA:0,onChange
FNDA:0,onClick
DA:1,1
DA:2,1
DA:3,1
DA:4,1
DA:5,1
DA:6,1
DA:7,1
DA:8,1
DA:9,1
DA:10,1
DA:12,19
DA:13,19
DA:14,19
DA:15,19
DA:16,19
DA:17,19
DA:18,19
DA:19,19
DA:21,19
DA:23,19
DA:24,9
DA:25,9
DA:26,9
DA:27,9
DA:28,9
DA:29,8
DA:30,9
DA:32,19
DA:33,1
DA:34,1
DA:35,1
DA:36,1
DA:37,0
DA:38,0
DA:39,0
DA:40,1
DA:41,1
DA:43,19
DA:44,1
DA:45,1
DA:46,1
DA:47,1
DA:49,19
DA:50,0
DA:51,0
DA:52,0
DA:53,0
DA:54,0
DA:55,0
DA:56,0
DA:57,0
DA:58,0
DA:59,0
DA:61,19
DA:63,10
DA:64,10
DA:65,10
DA:66,10
DA:67,10
DA:69,10
DA:71,10
DA:72,10
DA:73,10
DA:74,10
DA:75,10
DA:76,10
DA:77,7
DA:79,3
DA:80,3
DA:81,3
DA:82,3
DA:83,3
DA:84,3
DA:85,3
DA:86,3
DA:87,3
DA:89,3
DA:90,3
DA:91,3
DA:92,3
DA:93,3
DA:94,3
DA:95,3
DA:96,3
DA:97,3
DA:98,3
DA:100,19
DA:101,19
DA:104,19
DA:105,19
DA:106,1
DA:107,1
DA:108,1
DA:109,1
DA:110,1
DA:111,1
DA:112,1
DA:113,1
DA:114,1
DA:115,1
DA:116,1
DA:117,1
DA:118,1
DA:119,0
DA:120,0
DA:121,0
DA:122,0
DA:123,0
DA:124,0
DA:125,0
DA:126,0
DA:127,0
DA:128,0
DA:129,0
DA:130,0
DA:132,1
DA:134,9
DA:136,9
DA:138,19
DA:139,19
DA:141,19
DA:142,1
DA:143,1
DA:144,1
DA:145,1
DA:146,1
DA:147,1
DA:148,1
DA:149,1
DA:150,1
DA:151,1
DA:152,1
DA:153,1
DA:154,1
DA:155,1
DA:156,1
DA:157,1
DA:158,1
DA:159,1
DA:160,1
DA:161,1
DA:162,1
DA:164,19
DA:166,19
LF:144
LH:119
BRDA:12,0,0,19
BRDA:61,1,0,9
BRDA:61,2,0,10
BRDA:76,3,0,7
BRDA:77,4,0,3
BRDA:105,5,0,1
BRDA:110,6,0,0
BRDA:111,7,0,0
BRDA:118,8,0,0
BRDA:132,9,0,9
BRDA:141,10,0,1
BRDA:158,11,0,0
BRDA:21,12,0,9
BRDA:23,13,0,9
BRDA:26,14,0,7
BRDA:27,15,0,0
BRDA:28,16,0,1
BRDA:28,17,0,8
BRDA:32,18,0,1
BRDA:36,19,0,0
BRDA:40,20,0,0
BRDA:43,21,0,1
BRDA:44,22,0,0
BRDA:79,23,0,3
BRDA:85,24,0,1
BRDA:85,25,0,1
BRDA:90,26,0,0
BRDA:91,27,0,0
BRDA:92,28,0,0
BRDA:82,29,0,1
BRF:30
BRH:19
end_of_record
TN:
SF:src\pages\Orders\Index.jsx
FN:13,Orders
FN:40,openCreate
FN:53,viewDetails
FN:58,handleSave
FN:74,updateStatus
FN:89,onChange
FN:91,onChange
FN:96,onPageChange
FN:98,onClose
FN:102,onClose
FN:103,onClose
FNF:11
FNH:2
FNDA:14,Orders
FNDA:1,openCreate
FNDA:0,viewDetails
FNDA:0,handleSave
FNDA:0,updateStatus
FNDA:0,onChange
FNDA:0,onChange
FNDA:0,onPageChange
FNDA:0,onClose
FNDA:0,onClose
FNDA:0,onClose
DA:1,1
DA:2,1
DA:3,1
DA:4,1
DA:5,1
DA:6,1
DA:7,1
DA:8,1
DA:9,1
DA:10,1
DA:11,1
DA:13,14
DA:14,14
DA:15,14
DA:16,14
DA:17,14
DA:18,14
DA:19,14
DA:20,14
DA:21,14
DA:22,14
DA:23,14
DA:25,14
DA:26,7
DA:27,7
DA:28,7
DA:29,7
DA:30,7
DA:31,7
DA:32,7
DA:33,7
DA:34,7
DA:35,6
DA:36,14
DA:38,14
DA:40,14
DA:41,1
DA:42,1
DA:43,1
DA:44,1
DA:45,1
DA:46,1
DA:47,1
DA:48,1
DA:49,1
DA:50,1
DA:51,1
DA:53,14
DA:54,0
DA:55,0
DA:56,0
DA:58,14
DA:59,0
DA:60,0
DA:61,0
DA:62,0
DA:63,0
DA:64,0
DA:65,0
DA:66,0
DA:67,0
DA:68,0
DA:69,0
DA:70,0
DA:71,0
DA:72,0
DA:74,14
DA:75,0
DA:76,0
DA:77,0
DA:78,0
DA:79,0
DA:80,0
DA:82,14
DA:83,14
DA:84,14
DA:85,14
DA:86,14
DA:88,14
DA:89,14
DA:90,14
DA:91,14
DA:92,14
DA:93,14
DA:95,14
DA:96,14
DA:98,14
DA:100,14
DA:101,1
DA:102,1
DA:103,1
DA:104,1
DA:106,14
DA:108,14
LF:94
LH:71
BRDA:13,0,0,14
BRDA:98,1,0,0
BRDA:100,2,0,1
BRDA:25,3,0,7
BRDA:29,4,0,0
BRDA:30,5,0,0
BRDA:31,6,0,5
BRDA:32,7,0,0
BRDA:33,8,0,1
BRDA:33,9,0,1
BRDA:34,10,0,1
BRDA:34,11,0,6
BRDA:38,12,0,7
BRDA:40,13,0,1
BRDA:46,14,0,0
BRDA:47,15,0,0
BRDA:50,16,0,0
BRF:17
BRH:10
end_of_record
TN:
SF:src\pages\Orders\components\OrderDetail.jsx
FN:5,OrderDetail
FNF:1
FNH:0
FNDA:0,OrderDetail
DA:1,1
DA:2,1
DA:3,1
DA:5,0
DA:6,0
DA:7,0
DA:8,0
DA:9,0
DA:10,0
DA:11,0
DA:12,0
DA:13,0
DA:14,0
DA:15,0
DA:16,0
DA:17,0
DA:18,0
DA:19,0
DA:20,0
DA:21,0
DA:22,0
DA:23,0
DA:24,0
DA:25,0
DA:26,0
DA:27,0
DA:28,0
DA:29,0
DA:30,0
DA:31,0
DA:32,0
DA:33,0
DA:34,0
DA:35,0
DA:36,0
DA:38,0
DA:40,1
DA:41,1
DA:42,1
DA:43,1
DA:44,1
LF:41
LH:8
BRF:0
BRH:0
end_of_record
TN:
SF:src\pages\Orders\components\OrderForm.jsx
FN:7,OrderForm
FN:8,addItem
FN:12,removeItem
FN:16,updateItem
FN:33,onChange
FN:38,onChange
FN:39,onChange
FN:50,onChange
FN:54,onChange
FN:55,onChange
FN:58,onClick
FN:71,onChange
FNF:12
FNH:1
FNDA:1,OrderForm
FNDA:0,addItem
FNDA:0,removeItem
FNDA:0,updateItem
FNDA:0,onChange
FNDA:0,onChange
FNDA:0,onChange
FNDA:0,onChange
FNDA:0,onChange
FNDA:0,onChange
FNDA:0,onClick
FNDA:0,onChange
DA:1,1
DA:2,1
DA:3,1
DA:4,1
DA:5,1
DA:7,1
DA:8,1
DA:9,0
DA:10,0
DA:12,1
DA:13,0
DA:14,0
DA:16,1
DA:17,0
DA:18,0
DA:19,0
DA:20,0
DA:21,0
DA:22,0
DA:23,0
DA:24,0
DA:26,1
DA:28,1
DA:29,1
DA:30,1
DA:31,1
DA:32,1
DA:33,1
DA:34,1
DA:35,1
DA:36,1
DA:37,1
DA:38,1
DA:39,1
DA:40,1
DA:42,1
DA:43,1
DA:44,1
DA:45,1
DA:46,1
DA:47,1
DA:48,1
DA:49,1
DA:50,1
DA:51,1
DA:52,1
DA:53,1
DA:54,1
DA:55,1
DA:56,1
DA:57,1
DA:58,0
DA:60,1
DA:61,1
DA:62,1
DA:63,1
DA:64,1
DA:65,1
DA:66,1
DA:67,1
DA:69,1
DA:70,1
DA:71,1
DA:72,1
DA:74,1
DA:75,1
DA:76,1
DA:77,1
DA:78,1
DA:80,1
DA:82,1
DA:83,1
DA:84,1
DA:85,1
DA:86,1
DA:87,1
DA:88,1
DA:89,1
DA:90,1
LF:79
LH:66
BRDA:7,0,0,1
BRDA:76,1,0,0
BRDA:26,2,0,1
BRDA:26,3,0,0
BRDA:48,4,0,1
BRDA:56,5,0,0
BRDA:57,6,0,0
BRF:7
BRH:3
end_of_record
TN:
SF:src\pages\Orders\components\OrderTable.jsx
FN:8,OrderTable
FN:43,onClick
FN:49,onPrev
FN:49,onNext
FNF:4
FNH:1
FNDA:14,OrderTable
FNDA:0,onClick
FNDA:0,onPrev
FNDA:0,onNext
DA:1,1
DA:2,1
DA:3,1
DA:4,1
DA:5,1
DA:6,1
DA:8,14
DA:9,14
DA:10,14
DA:11,14
DA:12,14
DA:13,14
DA:14,14
DA:15,14
DA:16,14
DA:17,14
DA:18,14
DA:19,14
DA:20,14
DA:21,14
DA:22,14
DA:23,14
DA:24,14
DA:25,7
DA:27,14
DA:28,2
DA:29,2
DA:31,2
DA:32,2
DA:34,14
DA:35,5
DA:36,5
DA:37,5
DA:38,5
DA:39,5
DA:40,5
DA:41,5
DA:42,5
DA:43,5
DA:44,5
DA:45,5
DA:46,5
DA:47,14
DA:48,14
DA:49,14
DA:50,14
DA:52,14
DA:54,1
DA:55,1
DA:56,1
DA:57,1
DA:58,1
DA:59,1
DA:60,1
DA:61,1
LF:55
LH:55
BRDA:8,0,0,14
BRDA:24,1,0,7
BRDA:27,2,0,7
BRDA:27,3,0,2
BRDA:34,4,0,7
BRDA:34,5,0,5
BRDA:34,6,0,5
BRF:7
BRH:7
end_of_record
TN:
SF:src\pages\Pricing\Index.jsx
FN:8,Pricing
FN:24,handleChange
FN:31,handleSave
FN:61,onChange
FNF:4
FNH:1
FNDA:9,Pricing
FNDA:0,handleChange
FNDA:0,handleSave
FNDA:0,onChange
DA:1,1
DA:2,1
DA:3,1
DA:4,1
DA:5,1
DA:6,1
DA:8,9
DA:9,9
DA:10,9
DA:11,9
DA:12,9
DA:14,9
DA:15,5
DA:16,3
DA:17,3
DA:18,5
DA:19,1
DA:20,1
DA:21,5
DA:22,9
DA:24,9
DA:25,0
DA:26,0
DA:27,0
DA:28,0
DA:29,0
DA:31,9
DA:32,0
DA:33,0
DA:34,0
DA:35,0
DA:36,0
DA:37,0
DA:38,0
DA:39,0
DA:40,0
DA:41,0
DA:42,0
DA:43,0
DA:44,0
DA:45,0
DA:46,0
DA:48,9
DA:49,9
DA:50,0
DA:51,0
DA:52,9
DA:54,9
DA:56,4
DA:57,4
DA:58,4
DA:60,4
DA:61,4
DA:62,4
DA:64,4
DA:65,4
DA:66,4
DA:67,4
DA:68,4
DA:69,4
DA:70,4
DA:71,4
DA:72,4
DA:73,4
DA:74,4
DA:75,4
DA:76,4
DA:77,4
DA:78,4
DA:79,0
DA:80,0
DA:81,0
DA:82,0
DA:83,0
DA:84,0
DA:85,0
DA:86,0
DA:87,0
DA:88,0
DA:90,0
DA:91,0
DA:92,0
DA:93,0
DA:94,0
DA:95,0
DA:96,0
DA:97,0
DA:98,0
DA:99,0
DA:100,0
DA:101,0
DA:102,0
DA:103,0
DA:104,0
DA:105,0
DA:106,0
DA:107,0
DA:108,0
DA:109,0
DA:110,0
DA:111,0
DA:112,0
DA:113,0
DA:114,0
DA:115,0
DA:116,0
DA:117,0
DA:118,0
DA:119,0
DA:120,0
DA:121,0
DA:123,0
DA:124,0
DA:126,4
DA:127,4
DA:128,4
DA:130,9
DA:131,9
DA:132,9
DA:133,9
DA:135,9
LF:121
LH:55
BRDA:8,0,0,9
BRDA:54,1,0,5
BRDA:54,2,0,4
BRDA:14,3,0,5
BRDA:15,4,0,3
BRDA:16,5,0,0
BRDA:18,6,0,1
BRF:7
BRH:6
end_of_record
TN:
SF:src\pages\Profile\Index.jsx
FN:10,Profile
FN:23,handleSave
FN:35,handleDelete
FN:66,onChange
FN:67,onChange
FN:69,onChange
FN:70,onChange
FN:75,onChange
FNF:8
FNH:3
FNDA:18,Profile
FNDA:3,handleSave
FNDA:2,handleDelete
FNDA:0,onChange
FNDA:0,onChange
FNDA:0,onChange
FNDA:0,onChange
FNDA:0,onChange
DA:1,1
DA:2,1
DA:3,1
DA:4,1
DA:5,1
DA:6,1
DA:7,1
DA:8,1
DA:10,18
DA:11,18
DA:12,18
DA:13,18
DA:14,18
DA:15,18
DA:16,18
DA:17,18
DA:18,18
DA:19,18
DA:20,18
DA:21,18
DA:23,18
DA:24,3
DA:25,3
DA:26,3
DA:27,3
DA:28,1
DA:29,1
DA:30,3
DA:31,2
DA:32,3
DA:33,3
DA:35,18
DA:36,2
DA:37,1
DA:38,1
DA:39,1
DA:40,1
DA:41,1
DA:42,1
DA:43,2
DA:44,1
DA:45,2
DA:47,18
DA:48,18
DA:49,18
DA:51,18
DA:52,18
DA:53,18
DA:54,18
DA:55,18
DA:56,18
DA:57,18
DA:58,18
DA:59,18
DA:60,18
DA:61,18
DA:62,18
DA:64,18
DA:65,18
DA:66,18
DA:67,18
DA:68,18
DA:69,18
DA:70,18
DA:71,18
DA:72,18
DA:73,18
DA:74,18
DA:75,18
DA:76,18
DA:77,18
DA:78,18
DA:79,18
DA:80,18
DA:81,18
DA:82,18
DA:83,18
DA:85,18
DA:86,18
DA:87,18
DA:89,18
DA:90,18
DA:91,18
DA:92,18
DA:93,18
DA:94,18
DA:96,18
LF:87
LH:87
BRDA:10,0,0,18
BRDA:14,1,0,0
BRDA:15,2,0,0
BRDA:16,3,0,0
BRDA:17,4,0,0
BRDA:18,5,0,0
BRDA:79,6,0,3
BRDA:79,7,0,15
BRDA:91,8,0,1
BRDA:91,9,0,17
BRDA:23,10,0,3
BRDA:27,11,0,1
BRDA:30,12,0,2
BRDA:31,13,0,1
BRDA:31,14,0,1
BRDA:31,15,0,1
BRDA:35,16,0,2
BRDA:36,17,0,1
BRDA:43,18,0,0
BRDA:43,19,0,1
BRF:20
BRH:14
end_of_record
TN:
SF:src\pages\Reports\Index.jsx
FN:17,Reports
FN:25,load
FN:54,onClick
FN:92,label
FNF:4
FNH:2
FNDA:7,Reports
FNDA:4,load
FNDA:0,onClick
FNDA:0,label
DA:1,1
DA:2,1
DA:3,1
DA:4,1
DA:5,1
DA:6,1
DA:7,1
DA:11,1
DA:12,1
DA:14,1
DA:15,1
DA:17,7
DA:18,7
DA:19,7
DA:20,7
DA:21,7
DA:22,7
DA:24,7
DA:25,4
DA:26,4
DA:27,4
DA:28,4
DA:29,4
DA:30,4
DA:31,4
DA:32,2
DA:33,2
DA:34,4
DA:35,3
DA:36,4
DA:37,4
DA:38,7
DA:40,7
DA:42,3
DA:43,0
DA:44,3
DA:46,7
DA:47,7
DA:48,7
DA:50,7
DA:51,7
DA:52,6
DA:53,6
DA:54,6
DA:55,6
DA:56,6
DA:57,6
DA:58,6
DA:60,6
DA:61,6
DA:62,6
DA:63,7
DA:64,7
DA:66,7
DA:67,2
DA:68,2
DA:69,2
DA:70,2
DA:71,2
DA:72,2
DA:74,2
DA:75,2
DA:76,2
DA:77,2
DA:78,2
DA:79,2
DA:80,2
DA:81,2
DA:82,2
DA:83,2
DA:84,2
DA:85,2
DA:86,2
DA:88,2
DA:89,2
DA:90,2
DA:91,2
DA:92,2
DA:93,2
DA:94,2
DA:95,2
DA:96,2
DA:97,2
DA:98,2
DA:99,2
DA:101,2
DA:102,2
DA:103,2
DA:104,2
DA:105,2
DA:106,0
DA:107,0
DA:108,0
DA:109,0
DA:110,0
DA:111,0
DA:112,0
DA:113,0
DA:114,0
DA:115,0
DA:116,2
DA:117,2
DA:118,2
DA:120,2
DA:121,2
DA:123,2
DA:124,2
DA:125,2
DA:126,2
DA:127,0
DA:128,0
DA:129,0
DA:130,0
DA:131,0
DA:132,0
DA:133,0
DA:134,2
DA:135,2
DA:136,2
DA:138,2
DA:139,2
DA:140,2
DA:141,2
DA:144,7
DA:145,0
DA:146,0
DA:147,0
DA:148,0
DA:149,0
DA:150,0
DA:151,0
DA:153,0
DA:154,0
DA:155,0
DA:156,0
DA:157,0
DA:158,0
DA:159,0
DA:160,0
DA:161,0
DA:162,0
DA:163,0
DA:164,0
DA:165,0
DA:166,0
DA:168,0
DA:169,0
DA:170,0
DA:171,0
DA:172,0
DA:173,0
DA:174,0
DA:175,0
DA:176,0
DA:177,0
DA:178,0
DA:179,0
DA:180,0
DA:181,0
DA:183,0
DA:184,0
DA:185,0
DA:186,0
DA:188,7
DA:190,7
LF:165
LH:108
BRDA:17,0,0,7
BRDA:40,1,0,4
BRDA:40,2,0,3
BRDA:42,3,0,0
BRDA:43,4,0,3
BRDA:66,5,0,3
BRDA:66,6,0,2
BRDA:79,7,0,0
BRDA:80,8,0,0
BRDA:81,9,0,0
BRDA:117,10,0,0
BRDA:135,11,0,0
BRDA:144,12,0,0
BRDA:144,13,0,0
BRDA:24,14,0,4
BRDA:25,15,0,4
BRDA:31,16,0,2
BRDA:34,17,0,1
BRDA:34,18,0,3
BRDA:51,19,0,6
BRDA:57,20,0,3
BRDA:57,21,0,3
BRDA:60,22,0,3
BRDA:60,23,0,3
BRF:24
BRH:16
end_of_record
TN:
SF:src\pages\Settings\Index.jsx
FN:12,handleUpdate
FN:17,handleFileSelect
FN:22,SettingsPage
FN:48,loadSettings
FN:57,updateSetting
FN:61,handleAdd
FN:71,handleSaveBranding
FN:100,onChange
FN:115,onChange
FN:131,onChange
FN:152,onChange
FN:155,onClick
FNF:12
FNH:6
FNDA:2,handleUpdate
FNDA:0,handleFileSelect
FNDA:62,SettingsPage
FNDA:20,loadSettings
FNDA:0,updateSetting
FNDA:2,handleAdd
FNDA:2,handleSaveBranding
FNDA:0,onChange
FNDA:0,onChange
FNDA:0,onChange
FNDA:0,onChange
FNDA:2,onClick
DA:1,1
DA:2,1
DA:3,1
DA:4,1
DA:5,1
DA:6,1
DA:7,1
DA:8,1
DA:9,1
DA:10,1
DA:12,2
DA:13,2
DA:14,1
DA:15,2
DA:17,0
DA:18,0
DA:19,0
DA:20,0
DA:22,62
DA:23,62
DA:24,62
DA:25,62
DA:27,62
DA:28,62
DA:29,62
DA:30,62
DA:31,62
DA:33,62
DA:34,62
DA:35,62
DA:36,62
DA:37,62
DA:38,62
DA:40,62
DA:41,19
DA:42,19
DA:43,19
DA:44,62
DA:46,62
DA:48,62
DA:49,20
DA:50,20
DA:51,20
DA:52,20
DA:53,20
DA:54,19
DA:55,20
DA:57,62
DA:58,0
DA:59,0
DA:61,62
DA:62,2
DA:63,1
DA:64,1
DA:65,1
DA:66,1
DA:67,1
DA:68,2
DA:69,2
DA:71,62
DA:72,2
DA:73,2
DA:74,2
DA:75,2
DA:76,2
DA:77,2
DA:78,2
DA:79,1
DA:80,1
DA:81,1
DA:82,1
DA:83,2
DA:84,2
DA:86,62
DA:88,24
DA:89,24
DA:90,24
DA:92,24
DA:93,23
DA:94,23
DA:95,23
DA:96,23
DA:97,23
DA:98,23
DA:99,23
DA:100,23
DA:101,23
DA:102,23
DA:103,23
DA:104,23
DA:105,23
DA:106,23
DA:107,0
DA:109,23
DA:110,23
DA:111,23
DA:113,23
DA:114,23
DA:115,23
DA:116,23
DA:117,23
DA:118,23
DA:119,23
DA:120,23
DA:121,23
DA:122,23
DA:123,0
DA:125,23
DA:126,23
DA:127,23
DA:129,23
DA:130,23
DA:131,23
DA:132,23
DA:133,23
DA:134,23
DA:135,23
DA:136,23
DA:137,23
DA:138,23
DA:139,23
DA:140,23
DA:143,62
DA:144,62
DA:145,62
DA:146,62
DA:147,44
DA:148,44
DA:149,44
DA:150,44
DA:151,44
DA:152,44
DA:153,44
DA:154,44
DA:155,44
DA:156,44
DA:157,62
DA:158,62
DA:159,2
DA:161,62
DA:162,62
DA:164,62
DA:165,62
DA:166,62
DA:167,62
DA:168,62
DA:169,62
DA:170,62
DA:171,62
DA:172,62
DA:174,62
DA:175,62
DA:176,62
DA:177,62
DA:178,62
DA:179,62
DA:180,62
DA:181,62
DA:182,62
DA:183,96
DA:184,96
DA:185,96
DA:186,96
DA:187,62
DA:188,62
DA:189,62
DA:190,62
DA:192,62
LF:168
LH:160
BRDA:12,0,0,2
BRDA:13,1,0,1
BRDA:22,2,0,62
BRDA:25,3,0,6
BRDA:86,4,0,38
BRDA:86,5,0,24
BRDA:92,6,0,23
BRDA:106,7,0,0
BRDA:122,8,0,0
BRDA:137,9,0,2
BRDA:137,10,0,21
BRDA:158,11,0,2
BRDA:40,12,0,19
BRDA:46,13,0,19
BRDA:48,14,0,20
BRDA:51,15,0,18
BRDA:52,16,0,0
BRDA:53,17,0,1
BRDA:53,18,0,19
BRDA:61,19,0,2
BRDA:62,20,0,1
BRDA:68,21,0,0
BRDA:71,22,0,2
BRDA:76,23,0,0
BRDA:77,24,0,0
BRDA:78,25,0,1
BRDA:146,26,0,44
BRDA:153,27,0,22
BRDA:155,28,0,2
BRDA:182,29,0,96
BRF:30
BRH:24
end_of_record
TN:
SF:src\pages\Users\Index.jsx
FN:13,getRoleDisplay
FN:20,UsersPage
FN:38,loadUsers
FN:50,openCreate
FN:56,openEdit
FN:62,handleSave
FN:78,handleDelete
FN:91,onChange
FN:92,onChange
FN:100,onClose
FNF:10
FNH:8
FNDA:62,getRoleDisplay
FNDA:52,UsersPage
FNDA:21,loadUsers
FNDA:5,openCreate
FNDA:2,openEdit
FNDA:4,handleSave
FNDA:2,handleDelete
FNDA:0,onChange
FNDA:0,onChange
FNDA:1,onClose
DA:1,1
DA:2,1
DA:3,1
DA:4,1
DA:5,1
DA:6,1
DA:7,1
DA:8,1
DA:9,1
DA:11,1
DA:13,62
DA:14,62
DA:15,62
DA:16,62
DA:17,0
DA:18,0
DA:20,52
DA:21,52
DA:22,52
DA:23,52
DA:24,52
DA:25,52
DA:26,52
DA:27,52
DA:28,52
DA:29,52
DA:30,52
DA:32,52
DA:33,52
DA:35,52
DA:36,52
DA:38,52
DA:39,21
DA:40,21
DA:41,21
DA:42,21
DA:43,21
DA:44,21
DA:45,21
DA:46,21
DA:47,20
DA:48,21
DA:50,52
DA:51,5
DA:52,5
DA:53,5
DA:54,5
DA:56,52
DA:57,2
DA:58,2
DA:59,2
DA:60,2
DA:62,52
DA:63,4
DA:64,4
DA:65,2
DA:66,2
DA:67,4
DA:68,4
DA:69,1
DA:70,2
DA:71,4
DA:72,0
DA:73,0
DA:74,0
DA:75,4
DA:76,4
DA:78,52
DA:79,2
DA:80,1
DA:81,0
DA:82,2
DA:84,52
DA:85,52
DA:86,52
DA:87,52
DA:88,52
DA:90,52
DA:91,52
DA:92,52
DA:93,52
DA:94,52
DA:96,52
DA:98,52
DA:99,14
DA:100,14
DA:102,52
DA:104,52
LF:88
LH:82
BRDA:13,0,0,62
BRDA:14,1,0,0
BRDA:15,2,0,0
BRDA:16,3,0,0
BRDA:20,4,0,52
BRDA:32,5,0,0
BRDA:98,6,0,14
BRDA:33,7,0,102
BRDA:35,8,0,18
BRDA:35,9,0,18
BRDA:36,10,0,18
BRDA:38,11,0,21
BRDA:42,12,0,0
BRDA:43,13,0,0
BRDA:44,14,0,19
BRDA:45,15,0,0
BRDA:46,16,0,1
BRDA:46,17,0,20
BRDA:50,18,0,5
BRDA:52,19,0,0
BRDA:56,20,0,2
BRDA:58,21,0,0
BRDA:62,22,0,4
BRDA:63,23,0,3
BRDA:63,24,0,1
BRDA:63,25,0,3
BRDA:64,26,0,2
BRDA:64,27,0,1
BRDA:64,28,0,2
BRDA:67,29,0,1
BRDA:67,30,0,2
BRDA:68,31,0,1
BRDA:69,32,0,2
BRDA:71,33,0,0
BRDA:75,34,0,2
BRDA:78,35,0,2
BRDA:79,36,0,1
BRDA:80,37,0,0
BRDA:93,38,0,102
BRDA:100,39,0,1
BRF:40
BRH:29
end_of_record
TN:
SF:src\pages\Users\components\UserForm.jsx
FN:5,UserForm
FN:13,onChange
FN:14,onChange
FN:16,onChange
FN:17,onChange
FN:18,onChange
FN:25,onChange
FN:32,onChange
FN:44,onChange
FNF:9
FNH:4
FNDA:14,UserForm
FNDA:0,onChange
FNDA:0,onChange
FNDA:2,onChange
FNDA:2,onChange
FNDA:0,onChange
FNDA:0,onChange
FNDA:0,onChange
FNDA:1,onChange
DA:1,1
DA:2,1
DA:3,1
DA:5,14
DA:6,14
DA:8,14
DA:9,14
DA:10,14
DA:11,14
DA:12,14
DA:13,14
DA:14,14
DA:15,14
DA:16,14
DA:17,14
DA:18,14
DA:19,14
DA:20,14
DA:21,14
DA:22,14
DA:23,14
DA:24,14
DA:25,14
DA:27,14
DA:28,14
DA:29,14
DA:30,14
DA:31,14
DA:32,14
DA:33,14
DA:34,14
DA:35,14
DA:36,14
DA:37,14
DA:38,14
DA:39,14
DA:40,14
DA:41,14
DA:42,14
DA:43,14
DA:44,14
DA:45,14
DA:46,14
DA:47,14
DA:48,14
DA:49,14
DA:50,14
DA:51,14
DA:52,14
DA:54,14
DA:56,1
DA:57,1
DA:58,1
DA:59,1
LF:54
LH:54
BRDA:5,0,0,14
BRDA:6,1,0,3
BRDA:6,2,0,11
BRDA:10,3,0,3
BRDA:10,4,0,11
BRDA:40,5,0,3
BRDA:40,6,0,11
BRDA:45,7,0,3
BRDA:45,8,0,11
BRDA:50,9,0,2
BRDA:50,10,0,12
BRDA:16,11,0,2
BRDA:17,12,0,2
BRDA:27,13,0,28
BRDA:44,14,0,1
BRF:15
BRH:15
end_of_record
TN:
SF:src\pages\Users\components\UserTable.jsx
FN:7,UserTable
FN:47,onClick
FN:48,onClick
FNF:3
FNH:3
FNDA:51,UserTable
FNDA:2,onClick
FNDA:2,onClick
DA:1,1
DA:2,1
DA:3,1
DA:4,1
DA:5,1
DA:7,51
DA:8,51
DA:9,18
DA:10,18
DA:11,18
DA:12,18
DA:14,18
DA:16,33
DA:17,33
DA:18,33
DA:19,33
DA:20,33
DA:21,33
DA:22,33
DA:23,33
DA:24,33
DA:25,33
DA:26,33
DA:27,33
DA:28,33
DA:29,33
DA:30,33
DA:31,33
DA:32,62
DA:33,62
DA:34,62
DA:35,62
DA:36,62
DA:37,62
DA:38,62
DA:39,62
DA:40,62
DA:41,62
DA:42,62
DA:43,62
DA:44,62
DA:45,62
DA:46,62
DA:47,62
DA:48,62
DA:49,62
DA:50,62
DA:51,62
DA:53,33
DA:54,33
DA:55,2
DA:57,51
DA:58,51
DA:59,51
DA:60,51
DA:62,51
DA:64,1
DA:65,1
DA:66,1
DA:67,1
DA:68,1
DA:69,1
DA:70,1
LF:63
LH:63
BRDA:7,0,0,51
BRDA:8,1,0,18
BRDA:14,2,0,33
BRDA:54,3,0,2
BRDA:31,4,0,62
BRDA:37,5,0,31
BRDA:37,6,0,31
BRDA:37,7,0,31
BRDA:43,8,0,31
BRDA:43,9,0,31
BRDA:43,10,0,31
BRDA:43,11,0,31
BRDA:47,12,0,2
BRDA:48,13,0,2
BRF:14
BRH:14
end_of_record
TN:
SF:src\utils\format.js
FN:1,formatCurrency
FN:10,formatDate
FN:19,formatDateTime
FN:30,classNames
FNF:4
FNH:4
FNDA:37,formatCurrency
FNDA:11,formatDate
FNDA:9,formatDateTime
FNDA:671,classNames
DA:1,2
DA:2,37
DA:3,37
DA:4,37
DA:5,37
DA:6,37
DA:7,37
DA:8,37
DA:10,2
DA:11,11
DA:12,3
DA:13,3
DA:14,3
DA:15,3
DA:16,3
DA:17,3
DA:19,2
DA:20,9
DA:21,5
DA:22,5
DA:23,5
DA:24,5
DA:25,5
DA:26,5
DA:27,5
DA:28,5
DA:30,2
DA:31,671
DA:32,671
LF:29
LH:29
BRDA:1,0,0,37
BRDA:2,1,0,8
BRDA:10,2,0,11
BRDA:11,3,0,8
BRDA:11,4,0,3
BRDA:19,5,0,9
BRDA:20,6,0,4
BRDA:20,7,0,5
BRDA:30,8,0,671
BRF:9
BRH:9
end_of_record
